1597859264134	mozrunner::runner	INFO	Running command: "/Applications/Firefox.app/Contents/MacOS/firefox-bin" "-marionette" "-foreground" "-no-remote" "-profile" "/var/folders/gp/xy0gj5n574gb5c_pvmhnbs480000gn/T/rust_mozprofileFymiMX"
1597859265233	addons.webextension.doh-rollout@mozilla.org	WARN	Loading extension 'doh-rollout@mozilla.org': Reading manifest: Invalid extension permission: networkStatus
1597859265270	addons.webextension.screenshots@mozilla.org	WARN	Loading extension 'screenshots@mozilla.org': Reading manifest: Invalid extension permission: mozillaAddons
1597859265270	addons.webextension.screenshots@mozilla.org	WARN	Loading extension 'screenshots@mozilla.org': Reading manifest: Invalid extension permission: telemetry
1597859265271	addons.webextension.screenshots@mozilla.org	WARN	Loading extension 'screenshots@mozilla.org': Reading manifest: Invalid extension permission: resource://pdf.js/
1597859265271	addons.webextension.screenshots@mozilla.org	WARN	Loading extension 'screenshots@mozilla.org': Reading manifest: Invalid extension permission: about:reader*
1597859267233	Marionette	INFO	Listening on port 50039
1597859267274	Marionette	WARN	TLS certificate errors will be ignored for this session
JavaScript warning: https://podcasts.apple.com/assets/vendor-85bb2f9a13e40ded296a8395c77e9e66.js, line 3109: unreachable code after return statement
1597859272305	mozrunner::runner	INFO	Running command: "/Applications/Firefox.app/Contents/MacOS/firefox-bin" "-marionette" "-foreground" "-no-remote" "-profile" "/var/folders/gp/xy0gj5n574gb5c_pvmhnbs480000gn/T/rust_mozprofilelpIUG5"
1597859272901	addons.webextension.doh-rollout@mozilla.org	WARN	Loading extension 'doh-rollout@mozilla.org': Reading manifest: Invalid extension permission: networkStatus
1597859272929	addons.webextension.screenshots@mozilla.org	WARN	Loading extension 'screenshots@mozilla.org': Reading manifest: Invalid extension permission: mozillaAddons
1597859272929	addons.webextension.screenshots@mozilla.org	WARN	Loading extension 'screenshots@mozilla.org': Reading manifest: Invalid extension permission: telemetry
1597859272929	addons.webextension.screenshots@mozilla.org	WARN	Loading extension 'screenshots@mozilla.org': Reading manifest: Invalid extension permission: resource://pdf.js/
1597859272929	addons.webextension.screenshots@mozilla.org	WARN	Loading extension 'screenshots@mozilla.org': Reading manifest: Invalid extension permission: about:reader*
1597859274465	Marionette	INFO	Listening on port 50166
1597859274564	Marionette	WARN	TLS certificate errors will be ignored for this session
JavaScript warning: https://podcasts.apple.com/assets/vendor-85bb2f9a13e40ded296a8395c77e9e66.js, line 3109: unreachable code after return statement
1597859316430	mozrunner::runner	INFO	Running command: "/Applications/Firefox.app/Contents/MacOS/firefox-bin" "-marionette" "-foreground" "-no-remote" "-profile" "/var/folders/gp/xy0gj5n574gb5c_pvmhnbs480000gn/T/rust_mozprofile484JU5"
1597859317040	addons.webextension.doh-rollout@mozilla.org	WARN	Loading extension 'doh-rollout@mozilla.org': Reading manifest: Invalid extension permission: networkStatus
1597859317070	addons.webextension.screenshots@mozilla.org	WARN	Loading extension 'screenshots@mozilla.org': Reading manifest: Invalid extension permission: mozillaAddons
1597859317070	addons.webextension.screenshots@mozilla.org	WARN	Loading extension 'screenshots@mozilla.org': Reading manifest: Invalid extension permission: telemetry
1597859317070	addons.webextension.screenshots@mozilla.org	WARN	Loading extension 'screenshots@mozilla.org': Reading manifest: Invalid extension permission: resource://pdf.js/
1597859317070	addons.webextension.screenshots@mozilla.org	WARN	Loading extension 'screenshots@mozilla.org': Reading manifest: Invalid extension permission: about:reader*
1597859318687	Marionette	INFO	Listening on port 50483
1597859318787	Marionette	WARN	TLS certificate errors will be ignored for this session
JavaScript warning: https://podcasts.apple.com/assets/vendor-85bb2f9a13e40ded296a8395c77e9e66.js, line 3109: unreachable code after return statement
1597859329308	mozrunner::runner	INFO	Running command: "/Applications/Firefox.app/Contents/MacOS/firefox-bin" "-marionette" "-foreground" "-no-remote" "-profile" "/var/folders/gp/xy0gj5n574gb5c_pvmhnbs480000gn/T/rust_mozprofilerZiqWk"
1597859329863	addons.webextension.doh-rollout@mozilla.org	WARN	Loading extension 'doh-rollout@mozilla.org': Reading manifest: Invalid extension permission: networkStatus
1597859329888	addons.webextension.screenshots@mozilla.org	WARN	Loading extension 'screenshots@mozilla.org': Reading manifest: Invalid extension permission: mozillaAddons
1597859329888	addons.webextension.screenshots@mozilla.org	WARN	Loading extension 'screenshots@mozilla.org': Reading manifest: Invalid extension permission: telemetry
1597859329888	addons.webextension.screenshots@mozilla.org	WARN	Loading extension 'screenshots@mozilla.org': Reading manifest: Invalid extension permission: resource://pdf.js/
1597859329888	addons.webextension.screenshots@mozilla.org	WARN	Loading extension 'screenshots@mozilla.org': Reading manifest: Invalid extension permission: about:reader*
1597859331527	Marionette	INFO	Listening on port 50623
1597859331568	Marionette	WARN	TLS certificate errors will be ignored for this session
JavaScript warning: https://podcasts.apple.com/assets/vendor-85bb2f9a13e40ded296a8395c77e9e66.js, line 3109: unreachable code after return statement
1597859338774	mozrunner::runner	INFO	Running command: "/Applications/Firefox.app/Contents/MacOS/firefox-bin" "-marionette" "-foreground" "-no-remote" "-profile" "/var/folders/gp/xy0gj5n574gb5c_pvmhnbs480000gn/T/rust_mozprofile3Deiz3"
1597859339361	addons.webextension.doh-rollout@mozilla.org	WARN	Loading extension 'doh-rollout@mozilla.org': Reading manifest: Invalid extension permission: networkStatus
1597859339389	addons.webextension.screenshots@mozilla.org	WARN	Loading extension 'screenshots@mozilla.org': Reading manifest: Invalid extension permission: mozillaAddons
1597859339389	addons.webextension.screenshots@mozilla.org	WARN	Loading extension 'screenshots@mozilla.org': Reading manifest: Invalid extension permission: telemetry
1597859339389	addons.webextension.screenshots@mozilla.org	WARN	Loading extension 'screenshots@mozilla.org': Reading manifest: Invalid extension permission: resource://pdf.js/
1597859339390	addons.webextension.screenshots@mozilla.org	WARN	Loading extension 'screenshots@mozilla.org': Reading manifest: Invalid extension permission: about:reader*
1597859340981	Marionette	INFO	Listening on port 50744
1597859341022	Marionette	WARN	TLS certificate errors will be ignored for this session
JavaScript warning: https://podcasts.apple.com/assets/vendor-85bb2f9a13e40ded296a8395c77e9e66.js, line 3109: unreachable code after return statement
JavaScript warning: https://podcasts.apple.com/assets/vendor-85bb2f9a13e40ded296a8395c77e9e66.js, line 3109: unreachable code after return statement
1597859445566	mozrunner::runner	INFO	Running command: "/Applications/Firefox.app/Contents/MacOS/firefox-bin" "-marionette" "-foreground" "-no-remote" "-profile" "/var/folders/gp/xy0gj5n574gb5c_pvmhnbs480000gn/T/rust_mozprofileuhCH3L"
1597859446163	addons.webextension.doh-rollout@mozilla.org	WARN	Loading extension 'doh-rollout@mozilla.org': Reading manifest: Invalid extension permission: networkStatus
1597859446188	addons.webextension.screenshots@mozilla.org	WARN	Loading extension 'screenshots@mozilla.org': Reading manifest: Invalid extension permission: mozillaAddons
1597859446188	addons.webextension.screenshots@mozilla.org	WARN	Loading extension 'screenshots@mozilla.org': Reading manifest: Invalid extension permission: telemetry
1597859446188	addons.webextension.screenshots@mozilla.org	WARN	Loading extension 'screenshots@mozilla.org': Reading manifest: Invalid extension permission: resource://pdf.js/
1597859446188	addons.webextension.screenshots@mozilla.org	WARN	Loading extension 'screenshots@mozilla.org': Reading manifest: Invalid extension permission: about:reader*
1597859447735	Marionette	INFO	Listening on port 51409
1597859447829	Marionette	WARN	TLS certificate errors will be ignored for this session
JavaScript warning: https://podcasts.apple.com/assets/vendor-85bb2f9a13e40ded296a8395c77e9e66.js, line 3109: unreachable code after return statement
1597859456506	mozrunner::runner	INFO	Running command: "/Applications/Firefox.app/Contents/MacOS/firefox-bin" "-marionette" "-foreground" "-no-remote" "-profile" "/var/folders/gp/xy0gj5n574gb5c_pvmhnbs480000gn/T/rust_mozprofilee4rT35"
1597859457038	addons.webextension.doh-rollout@mozilla.org	WARN	Loading extension 'doh-rollout@mozilla.org': Reading manifest: Invalid extension permission: networkStatus
1597859457065	addons.webextension.screenshots@mozilla.org	WARN	Loading extension 'screenshots@mozilla.org': Reading manifest: Invalid extension permission: mozillaAddons
1597859457065	addons.webextension.screenshots@mozilla.org	WARN	Loading extension 'screenshots@mozilla.org': Reading manifest: Invalid extension permission: telemetry
1597859457065	addons.webextension.screenshots@mozilla.org	WARN	Loading extension 'screenshots@mozilla.org': Reading manifest: Invalid extension permission: resource://pdf.js/
1597859457065	addons.webextension.screenshots@mozilla.org	WARN	Loading extension 'screenshots@mozilla.org': Reading manifest: Invalid extension permission: about:reader*
1597859458581	Marionette	INFO	Listening on port 51544
1597859458663	Marionette	WARN	TLS certificate errors will be ignored for this session
JavaScript warning: https://podcasts.apple.com/assets/vendor-85bb2f9a13e40ded296a8395c77e9e66.js, line 3109: unreachable code after return statement
1597859474725	mozrunner::runner	INFO	Running command: "/Applications/Firefox.app/Contents/MacOS/firefox-bin" "-marionette" "-foreground" "-no-remote" "-profile" "/var/folders/gp/xy0gj5n574gb5c_pvmhnbs480000gn/T/rust_mozprofileMsX6nC"
1597859475334	addons.webextension.doh-rollout@mozilla.org	WARN	Loading extension 'doh-rollout@mozilla.org': Reading manifest: Invalid extension permission: networkStatus
1597859475359	addons.webextension.screenshots@mozilla.org	WARN	Loading extension 'screenshots@mozilla.org': Reading manifest: Invalid extension permission: mozillaAddons
1597859475359	addons.webextension.screenshots@mozilla.org	WARN	Loading extension 'screenshots@mozilla.org': Reading manifest: Invalid extension permission: telemetry
1597859475360	addons.webextension.screenshots@mozilla.org	WARN	Loading extension 'screenshots@mozilla.org': Reading manifest: Invalid extension permission: resource://pdf.js/
1597859475360	addons.webextension.screenshots@mozilla.org	WARN	Loading extension 'screenshots@mozilla.org': Reading manifest: Invalid extension permission: about:reader*
1597859476939	Marionette	INFO	Listening on port 51711
1597859476986	Marionette	WARN	TLS certificate errors will be ignored for this session
JavaScript warning: https://podcasts.apple.com/assets/vendor-85bb2f9a13e40ded296a8395c77e9e66.js, line 3109: unreachable code after return statement
1597859523842	mozrunner::runner	INFO	Running command: "/Applications/Firefox.app/Contents/MacOS/firefox-bin" "-marionette" "-foreground" "-no-remote" "-profile" "/var/folders/gp/xy0gj5n574gb5c_pvmhnbs480000gn/T/rust_mozprofile44anCc"
1597859524392	addons.webextension.doh-rollout@mozilla.org	WARN	Loading extension 'doh-rollout@mozilla.org': Reading manifest: Invalid extension permission: networkStatus
1597859524420	addons.webextension.screenshots@mozilla.org	WARN	Loading extension 'screenshots@mozilla.org': Reading manifest: Invalid extension permission: mozillaAddons
1597859524420	addons.webextension.screenshots@mozilla.org	WARN	Loading extension 'screenshots@mozilla.org': Reading manifest: Invalid extension permission: telemetry
1597859524420	addons.webextension.screenshots@mozilla.org	WARN	Loading extension 'screenshots@mozilla.org': Reading manifest: Invalid extension permission: resource://pdf.js/
1597859524420	addons.webextension.screenshots@mozilla.org	WARN	Loading extension 'screenshots@mozilla.org': Reading manifest: Invalid extension permission: about:reader*
1597859525954	Marionette	INFO	Listening on port 52039
1597859526002	Marionette	WARN	TLS certificate errors will be ignored for this session
JavaScript warning: https://podcasts.apple.com/assets/vendor-85bb2f9a13e40ded296a8395c77e9e66.js, line 3109: unreachable code after return statement
1597859543458	mozrunner::runner	INFO	Running command: "/Applications/Firefox.app/Contents/MacOS/firefox-bin" "-marionette" "-foreground" "-no-remote" "-profile" "/var/folders/gp/xy0gj5n574gb5c_pvmhnbs480000gn/T/rust_mozprofileJlcFzj"
1597859544040	addons.webextension.doh-rollout@mozilla.org	WARN	Loading extension 'doh-rollout@mozilla.org': Reading manifest: Invalid extension permission: networkStatus
1597859544066	addons.webextension.screenshots@mozilla.org	WARN	Loading extension 'screenshots@mozilla.org': Reading manifest: Invalid extension permission: mozillaAddons
1597859544066	addons.webextension.screenshots@mozilla.org	WARN	Loading extension 'screenshots@mozilla.org': Reading manifest: Invalid extension permission: telemetry
1597859544066	addons.webextension.screenshots@mozilla.org	WARN	Loading extension 'screenshots@mozilla.org': Reading manifest: Invalid extension permission: resource://pdf.js/
1597859544066	addons.webextension.screenshots@mozilla.org	WARN	Loading extension 'screenshots@mozilla.org': Reading manifest: Invalid extension permission: about:reader*
1597859545798	Marionette	INFO	Listening on port 52211
1597859545828	Marionette	WARN	TLS certificate errors will be ignored for this session
JavaScript warning: https://podcasts.apple.com/assets/vendor-85bb2f9a13e40ded296a8395c77e9e66.js, line 3109: unreachable code after return statement
1597859699505	mozrunner::runner	INFO	Running command: "/Applications/Firefox.app/Contents/MacOS/firefox-bin" "-marionette" "-foreground" "-no-remote" "-profile" "/var/folders/gp/xy0gj5n574gb5c_pvmhnbs480000gn/T/rust_mozprofilenEJyiB"
1597859700195	addons.webextension.doh-rollout@mozilla.org	WARN	Loading extension 'doh-rollout@mozilla.org': Reading manifest: Invalid extension permission: networkStatus
1597859700224	addons.webextension.screenshots@mozilla.org	WARN	Loading extension 'screenshots@mozilla.org': Reading manifest: Invalid extension permission: mozillaAddons
1597859700224	addons.webextension.screenshots@mozilla.org	WARN	Loading extension 'screenshots@mozilla.org': Reading manifest: Invalid extension permission: telemetry
1597859700224	addons.webextension.screenshots@mozilla.org	WARN	Loading extension 'screenshots@mozilla.org': Reading manifest: Invalid extension permission: resource://pdf.js/
1597859700224	addons.webextension.screenshots@mozilla.org	WARN	Loading extension 'screenshots@mozilla.org': Reading manifest: Invalid extension permission: about:reader*
1597859701880	Marionette	INFO	Listening on port 53144
1597859701966	Marionette	WARN	TLS certificate errors will be ignored for this session
JavaScript warning: https://podcasts.apple.com/assets/vendor-85bb2f9a13e40ded296a8395c77e9e66.js, line 3109: unreachable code after return statement
1597859715525	mozrunner::runner	INFO	Running command: "/Applications/Firefox.app/Contents/MacOS/firefox-bin" "-marionette" "-foreground" "-no-remote" "-profile" "/var/folders/gp/xy0gj5n574gb5c_pvmhnbs480000gn/T/rust_mozprofilefir66o"
1597859716098	addons.webextension.doh-rollout@mozilla.org	WARN	Loading extension 'doh-rollout@mozilla.org': Reading manifest: Invalid extension permission: networkStatus
1597859716125	addons.webextension.screenshots@mozilla.org	WARN	Loading extension 'screenshots@mozilla.org': Reading manifest: Invalid extension permission: mozillaAddons
1597859716125	addons.webextension.screenshots@mozilla.org	WARN	Loading extension 'screenshots@mozilla.org': Reading manifest: Invalid extension permission: telemetry
1597859716125	addons.webextension.screenshots@mozilla.org	WARN	Loading extension 'screenshots@mozilla.org': Reading manifest: Invalid extension permission: resource://pdf.js/
1597859716125	addons.webextension.screenshots@mozilla.org	WARN	Loading extension 'screenshots@mozilla.org': Reading manifest: Invalid extension permission: about:reader*
1597859717866	Marionette	INFO	Listening on port 53306
1597859717880	Marionette	WARN	TLS certificate errors will be ignored for this session
JavaScript warning: https://podcasts.apple.com/assets/vendor-85bb2f9a13e40ded296a8395c77e9e66.js, line 3109: unreachable code after return statement
JavaScript warning: https://podcasts.apple.com/assets/vendor-85bb2f9a13e40ded296a8395c77e9e66.js, line 3109: unreachable code after return statement
1597859744894	mozrunner::runner	INFO	Running command: "/Applications/Firefox.app/Contents/MacOS/firefox-bin" "-marionette" "-foreground" "-no-remote" "-profile" "/var/folders/gp/xy0gj5n574gb5c_pvmhnbs480000gn/T/rust_mozprofileyZ9vN8"
1597859745506	addons.webextension.doh-rollout@mozilla.org	WARN	Loading extension 'doh-rollout@mozilla.org': Reading manifest: Invalid extension permission: networkStatus
1597859745536	addons.webextension.screenshots@mozilla.org	WARN	Loading extension 'screenshots@mozilla.org': Reading manifest: Invalid extension permission: mozillaAddons
1597859745536	addons.webextension.screenshots@mozilla.org	WARN	Loading extension 'screenshots@mozilla.org': Reading manifest: Invalid extension permission: telemetry
1597859745536	addons.webextension.screenshots@mozilla.org	WARN	Loading extension 'screenshots@mozilla.org': Reading manifest: Invalid extension permission: resource://pdf.js/
1597859745536	addons.webextension.screenshots@mozilla.org	WARN	Loading extension 'screenshots@mozilla.org': Reading manifest: Invalid extension permission: about:reader*
1597859747113	Marionette	INFO	Listening on port 53524
1597859747161	Marionette	WARN	TLS certificate errors will be ignored for this session
JavaScript warning: https://podcasts.apple.com/assets/vendor-85bb2f9a13e40ded296a8395c77e9e66.js, line 3109: unreachable code after return statement
1597859762607	mozrunner::runner	INFO	Running command: "/Applications/Firefox.app/Contents/MacOS/firefox-bin" "-marionette" "-foreground" "-no-remote" "-profile" "/var/folders/gp/xy0gj5n574gb5c_pvmhnbs480000gn/T/rust_mozprofilevGMqBB"
1597859763235	addons.webextension.doh-rollout@mozilla.org	WARN	Loading extension 'doh-rollout@mozilla.org': Reading manifest: Invalid extension permission: networkStatus
1597859763261	addons.webextension.screenshots@mozilla.org	WARN	Loading extension 'screenshots@mozilla.org': Reading manifest: Invalid extension permission: mozillaAddons
1597859763261	addons.webextension.screenshots@mozilla.org	WARN	Loading extension 'screenshots@mozilla.org': Reading manifest: Invalid extension permission: telemetry
1597859763261	addons.webextension.screenshots@mozilla.org	WARN	Loading extension 'screenshots@mozilla.org': Reading manifest: Invalid extension permission: resource://pdf.js/
1597859763261	addons.webextension.screenshots@mozilla.org	WARN	Loading extension 'screenshots@mozilla.org': Reading manifest: Invalid extension permission: about:reader*
1597859764891	Marionette	INFO	Listening on port 53696
1597859764981	Marionette	WARN	TLS certificate errors will be ignored for this session
1597859765205	Marionette	INFO	Stopped listening on port 50039
JavaScript warning: https://podcasts.apple.com/assets/vendor-85bb2f9a13e40ded296a8395c77e9e66.js, line 3109: unreachable code after return statement
1597859767090	Marionette	INFO	Stopped listening on port 50166
1597859769876	Marionette	INFO	Stopped listening on port 50483
1597859772837	Marionette	INFO	Stopped listening on port 50623
1597859775783	Marionette	INFO	Stopped listening on port 50744
1597859778131	Marionette	INFO	Stopped listening on port 51409
1597859780623	Marionette	INFO	Stopped listening on port 51544
1597859783045	Marionette	INFO	Stopped listening on port 51711
1597859785611	Marionette	INFO	Stopped listening on port 52039
1597859788416	Marionette	INFO	Stopped listening on port 52211
1597859791612	Marionette	INFO	Stopped listening on port 53144
1597859794246	Marionette	INFO	Stopped listening on port 53306
1597859799023	Marionette	INFO	Stopped listening on port 53524
JavaScript warning: https://podcasts.apple.com/assets/vendor-85bb2f9a13e40ded296a8395c77e9e66.js, line 3109: unreachable code after return statement
console.error: (new TypeError("container.node.targetFront is null", "resource://devtools/client/inspector/markup/markup.js", 2252))
console.error: (new TypeError("container.node.targetFront is null", "resource://devtools/client/inspector/markup/markup.js", 2252))
console.error: "Error while calling actor 'pagestyle's method 'getLayout'" "node is null"
console.error: "getLayout@resource://devtools/server/actors/styles.js:944:5\nhandler@resource://devtools/shared/protocol/Actor.js:154:37\nonPacket@resource://devtools/server/debugger-server-connection.js:378:58\nreceiveMessage@resource://devtools/shared/transport/child-transport.js:66:16\n"
console.error: "Protocol error (unknownError): node is null"
1597859843359	mozrunner::runner	INFO	Running command: "/Applications/Firefox.app/Contents/MacOS/firefox-bin" "-marionette" "-foreground" "-no-remote" "-profile" "/var/folders/gp/xy0gj5n574gb5c_pvmhnbs480000gn/T/rust_mozprofile9H74D9"
JavaScript warning: https://podcasts.apple.com/assets/vendor-85bb2f9a13e40ded296a8395c77e9e66.js, line 3109: unreachable code after return statement
1597859843852	addons.webextension.doh-rollout@mozilla.org	WARN	Loading extension 'doh-rollout@mozilla.org': Reading manifest: Invalid extension permission: networkStatus
1597859843877	addons.webextension.screenshots@mozilla.org	WARN	Loading extension 'screenshots@mozilla.org': Reading manifest: Invalid extension permission: mozillaAddons
1597859843877	addons.webextension.screenshots@mozilla.org	WARN	Loading extension 'screenshots@mozilla.org': Reading manifest: Invalid extension permission: telemetry
1597859843877	addons.webextension.screenshots@mozilla.org	WARN	Loading extension 'screenshots@mozilla.org': Reading manifest: Invalid extension permission: resource://pdf.js/
1597859843877	addons.webextension.screenshots@mozilla.org	WARN	Loading extension 'screenshots@mozilla.org': Reading manifest: Invalid extension permission: about:reader*
1597859845427	Marionette	INFO	Listening on port 54239
1597859845520	Marionette	WARN	TLS certificate errors will be ignored for this session
JavaScript warning: https://podcasts.apple.com/assets/vendor-85bb2f9a13e40ded296a8395c77e9e66.js, line 3109: unreachable code after return statement
1597859847914	Marionette	INFO	Stopped listening on port 53696
1597859861265	mozrunner::runner	INFO	Running command: "/Applications/Firefox.app/Contents/MacOS/firefox-bin" "-marionette" "-foreground" "-no-remote" "-profile" "/var/folders/gp/xy0gj5n574gb5c_pvmhnbs480000gn/T/rust_mozprofiletBk1d8"
1597859861716	addons.webextension.doh-rollout@mozilla.org	WARN	Loading extension 'doh-rollout@mozilla.org': Reading manifest: Invalid extension permission: networkStatus
1597859861742	addons.webextension.screenshots@mozilla.org	WARN	Loading extension 'screenshots@mozilla.org': Reading manifest: Invalid extension permission: mozillaAddons
1597859861742	addons.webextension.screenshots@mozilla.org	WARN	Loading extension 'screenshots@mozilla.org': Reading manifest: Invalid extension permission: telemetry
1597859861742	addons.webextension.screenshots@mozilla.org	WARN	Loading extension 'screenshots@mozilla.org': Reading manifest: Invalid extension permission: resource://pdf.js/
1597859861742	addons.webextension.screenshots@mozilla.org	WARN	Loading extension 'screenshots@mozilla.org': Reading manifest: Invalid extension permission: about:reader*
1597859863345	Marionette	INFO	Listening on port 54418
1597859863417	Marionette	WARN	TLS certificate errors will be ignored for this session
JavaScript warning: https://podcasts.apple.com/assets/vendor-85bb2f9a13e40ded296a8395c77e9e66.js, line 3109: unreachable code after return statement
1597859866053	Marionette	INFO	Stopped listening on port 54239
JavaScript warning: https://podcasts.apple.com/assets/vendor-85bb2f9a13e40ded296a8395c77e9e66.js, line 3109: unreachable code after return statement
1597859900328	mozrunner::runner	INFO	Running command: "/Applications/Firefox.app/Contents/MacOS/firefox-bin" "-marionette" "-foreground" "-no-remote" "-profile" "/var/folders/gp/xy0gj5n574gb5c_pvmhnbs480000gn/T/rust_mozprofilelBJ4Xz"
1597859900759	addons.webextension.doh-rollout@mozilla.org	WARN	Loading extension 'doh-rollout@mozilla.org': Reading manifest: Invalid extension permission: networkStatus
1597859900788	addons.webextension.screenshots@mozilla.org	WARN	Loading extension 'screenshots@mozilla.org': Reading manifest: Invalid extension permission: mozillaAddons
1597859900789	addons.webextension.screenshots@mozilla.org	WARN	Loading extension 'screenshots@mozilla.org': Reading manifest: Invalid extension permission: telemetry
1597859900789	addons.webextension.screenshots@mozilla.org	WARN	Loading extension 'screenshots@mozilla.org': Reading manifest: Invalid extension permission: resource://pdf.js/
1597859900789	addons.webextension.screenshots@mozilla.org	WARN	Loading extension 'screenshots@mozilla.org': Reading manifest: Invalid extension permission: about:reader*
1597859902334	Marionette	INFO	Listening on port 54695
1597859902379	Marionette	WARN	TLS certificate errors will be ignored for this session
JavaScript warning: https://podcasts.apple.com/assets/vendor-85bb2f9a13e40ded296a8395c77e9e66.js, line 3109: unreachable code after return statement
console.error: (new TypeError("container.node.targetFront is null", "resource://devtools/client/inspector/markup/markup.js", 2252))
console.error: (new TypeError("container.node.targetFront is null", "resource://devtools/client/inspector/markup/markup.js", 2252))
JavaScript warning: https://podcasts.apple.com/assets/vendor-85bb2f9a13e40ded296a8395c77e9e66.js, line 3109: unreachable code after return statement
1597860119807	mozrunner::runner	INFO	Running command: "/Applications/Firefox.app/Contents/MacOS/firefox-bin" "-marionette" "-foreground" "-no-remote" "-profile" "/var/folders/gp/xy0gj5n574gb5c_pvmhnbs480000gn/T/rust_mozprofile0UTgmn"
1597860120240	addons.webextension.doh-rollout@mozilla.org	WARN	Loading extension 'doh-rollout@mozilla.org': Reading manifest: Invalid extension permission: networkStatus
1597860120264	addons.webextension.screenshots@mozilla.org	WARN	Loading extension 'screenshots@mozilla.org': Reading manifest: Invalid extension permission: mozillaAddons
1597860120264	addons.webextension.screenshots@mozilla.org	WARN	Loading extension 'screenshots@mozilla.org': Reading manifest: Invalid extension permission: telemetry
1597860120265	addons.webextension.screenshots@mozilla.org	WARN	Loading extension 'screenshots@mozilla.org': Reading manifest: Invalid extension permission: resource://pdf.js/
1597860120265	addons.webextension.screenshots@mozilla.org	WARN	Loading extension 'screenshots@mozilla.org': Reading manifest: Invalid extension permission: about:reader*
1597860121974	Marionette	INFO	Listening on port 55951
1597860122072	Marionette	WARN	TLS certificate errors will be ignored for this session
JavaScript warning: https://podcasts.apple.com/assets/vendor-85bb2f9a13e40ded296a8395c77e9e66.js, line 3109: unreachable code after return statement
1597860123537	Marionette	INFO	Stopped listening on port 54418
1597860125561	Marionette	INFO	Stopped listening on port 54695
1597860151683	mozrunner::runner	INFO	Running command: "/Applications/Firefox.app/Contents/MacOS/firefox-bin" "-marionette" "-foreground" "-no-remote" "-profile" "/var/folders/gp/xy0gj5n574gb5c_pvmhnbs480000gn/T/rust_mozprofile8BWHYm"
1597860152123	addons.webextension.doh-rollout@mozilla.org	WARN	Loading extension 'doh-rollout@mozilla.org': Reading manifest: Invalid extension permission: networkStatus
1597860152148	addons.webextension.screenshots@mozilla.org	WARN	Loading extension 'screenshots@mozilla.org': Reading manifest: Invalid extension permission: mozillaAddons
1597860152148	addons.webextension.screenshots@mozilla.org	WARN	Loading extension 'screenshots@mozilla.org': Reading manifest: Invalid extension permission: telemetry
1597860152148	addons.webextension.screenshots@mozilla.org	WARN	Loading extension 'screenshots@mozilla.org': Reading manifest: Invalid extension permission: resource://pdf.js/
1597860152148	addons.webextension.screenshots@mozilla.org	WARN	Loading extension 'screenshots@mozilla.org': Reading manifest: Invalid extension permission: about:reader*
1597860153680	Marionette	INFO	Listening on port 56201
1597860153735	Marionette	WARN	TLS certificate errors will be ignored for this session
JavaScript warning: https://podcasts.apple.com/assets/vendor-85bb2f9a13e40ded296a8395c77e9e66.js, line 3109: unreachable code after return statement
1597860156808	Marionette	INFO	Stopped listening on port 55951
1597860182861	mozrunner::runner	INFO	Running command: "/Applications/Firefox.app/Contents/MacOS/firefox-bin" "-marionette" "-foreground" "-no-remote" "-profile" "/var/folders/gp/xy0gj5n574gb5c_pvmhnbs480000gn/T/rust_mozprofilelhcOYa"
1597860183309	addons.webextension.doh-rollout@mozilla.org	WARN	Loading extension 'doh-rollout@mozilla.org': Reading manifest: Invalid extension permission: networkStatus
1597860183332	addons.webextension.screenshots@mozilla.org	WARN	Loading extension 'screenshots@mozilla.org': Reading manifest: Invalid extension permission: mozillaAddons
1597860183332	addons.webextension.screenshots@mozilla.org	WARN	Loading extension 'screenshots@mozilla.org': Reading manifest: Invalid extension permission: telemetry
1597860183333	addons.webextension.screenshots@mozilla.org	WARN	Loading extension 'screenshots@mozilla.org': Reading manifest: Invalid extension permission: resource://pdf.js/
1597860183333	addons.webextension.screenshots@mozilla.org	WARN	Loading extension 'screenshots@mozilla.org': Reading manifest: Invalid extension permission: about:reader*
1597860184849	Marionette	INFO	Listening on port 56444
1597860184899	Marionette	WARN	TLS certificate errors will be ignored for this session
JavaScript warning: https://podcasts.apple.com/assets/vendor-85bb2f9a13e40ded296a8395c77e9e66.js, line 3109: unreachable code after return statement
1597860187887	Marionette	INFO	Stopped listening on port 56201
1597860227824	mozrunner::runner	INFO	Running command: "/Applications/Firefox.app/Contents/MacOS/firefox-bin" "-marionette" "-foreground" "-no-remote" "-profile" "/var/folders/gp/xy0gj5n574gb5c_pvmhnbs480000gn/T/rust_mozprofile7Lw4YU"
1597860228288	addons.webextension.doh-rollout@mozilla.org	WARN	Loading extension 'doh-rollout@mozilla.org': Reading manifest: Invalid extension permission: networkStatus
1597860228316	addons.webextension.screenshots@mozilla.org	WARN	Loading extension 'screenshots@mozilla.org': Reading manifest: Invalid extension permission: mozillaAddons
1597860228316	addons.webextension.screenshots@mozilla.org	WARN	Loading extension 'screenshots@mozilla.org': Reading manifest: Invalid extension permission: telemetry
1597860228316	addons.webextension.screenshots@mozilla.org	WARN	Loading extension 'screenshots@mozilla.org': Reading manifest: Invalid extension permission: resource://pdf.js/
1597860228316	addons.webextension.screenshots@mozilla.org	WARN	Loading extension 'screenshots@mozilla.org': Reading manifest: Invalid extension permission: about:reader*
1597860229718	Marionette	INFO	Stopped listening on port 56444
1597860229863	Marionette	INFO	Listening on port 56753
1597860229893	Marionette	WARN	TLS certificate errors will be ignored for this session
JavaScript warning: https://podcasts.apple.com/assets/vendor-85bb2f9a13e40ded296a8395c77e9e66.js, line 3109: unreachable code after return statement
1597860273959	mozrunner::runner	INFO	Running command: "/Applications/Firefox.app/Contents/MacOS/firefox-bin" "-marionette" "-foreground" "-no-remote" "-profile" "/var/folders/gp/xy0gj5n574gb5c_pvmhnbs480000gn/T/rust_mozprofileQR3KVN"
1597860274381	addons.webextension.doh-rollout@mozilla.org	WARN	Loading extension 'doh-rollout@mozilla.org': Reading manifest: Invalid extension permission: networkStatus
1597860274406	addons.webextension.screenshots@mozilla.org	WARN	Loading extension 'screenshots@mozilla.org': Reading manifest: Invalid extension permission: mozillaAddons
1597860274406	addons.webextension.screenshots@mozilla.org	WARN	Loading extension 'screenshots@mozilla.org': Reading manifest: Invalid extension permission: telemetry
1597860274407	addons.webextension.screenshots@mozilla.org	WARN	Loading extension 'screenshots@mozilla.org': Reading manifest: Invalid extension permission: resource://pdf.js/
1597860274407	addons.webextension.screenshots@mozilla.org	WARN	Loading extension 'screenshots@mozilla.org': Reading manifest: Invalid extension permission: about:reader*
1597860275902	Marionette	INFO	Listening on port 57072
1597860275921	Marionette	WARN	TLS certificate errors will be ignored for this session
JavaScript warning: https://podcasts.apple.com/assets/vendor-85bb2f9a13e40ded296a8395c77e9e66.js, line 3109: unreachable code after return statement
1597860298777	mozrunner::runner	INFO	Running command: "/Applications/Firefox.app/Contents/MacOS/firefox-bin" "-marionette" "-foreground" "-no-remote" "-profile" "/var/folders/gp/xy0gj5n574gb5c_pvmhnbs480000gn/T/rust_mozprofile63mmue"
1597860299255	addons.webextension.doh-rollout@mozilla.org	WARN	Loading extension 'doh-rollout@mozilla.org': Reading manifest: Invalid extension permission: networkStatus
1597860299280	addons.webextension.screenshots@mozilla.org	WARN	Loading extension 'screenshots@mozilla.org': Reading manifest: Invalid extension permission: mozillaAddons
1597860299280	addons.webextension.screenshots@mozilla.org	WARN	Loading extension 'screenshots@mozilla.org': Reading manifest: Invalid extension permission: telemetry
1597860299280	addons.webextension.screenshots@mozilla.org	WARN	Loading extension 'screenshots@mozilla.org': Reading manifest: Invalid extension permission: resource://pdf.js/
1597860299280	addons.webextension.screenshots@mozilla.org	WARN	Loading extension 'screenshots@mozilla.org': Reading manifest: Invalid extension permission: about:reader*
1597860300865	Marionette	INFO	Listening on port 57286
1597860300941	Marionette	WARN	TLS certificate errors will be ignored for this session
JavaScript warning: https://podcasts.apple.com/assets/vendor-85bb2f9a13e40ded296a8395c77e9e66.js, line 3109: unreachable code after return statement
1597860312540	mozrunner::runner	INFO	Running command: "/Applications/Firefox.app/Contents/MacOS/firefox-bin" "-marionette" "-foreground" "-no-remote" "-profile" "/var/folders/gp/xy0gj5n574gb5c_pvmhnbs480000gn/T/rust_mozprofileP3EKXs"
1597860312976	addons.webextension.doh-rollout@mozilla.org	WARN	Loading extension 'doh-rollout@mozilla.org': Reading manifest: Invalid extension permission: networkStatus
1597860313001	addons.webextension.screenshots@mozilla.org	WARN	Loading extension 'screenshots@mozilla.org': Reading manifest: Invalid extension permission: mozillaAddons
1597860313002	addons.webextension.screenshots@mozilla.org	WARN	Loading extension 'screenshots@mozilla.org': Reading manifest: Invalid extension permission: telemetry
1597860313002	addons.webextension.screenshots@mozilla.org	WARN	Loading extension 'screenshots@mozilla.org': Reading manifest: Invalid extension permission: resource://pdf.js/
1597860313002	addons.webextension.screenshots@mozilla.org	WARN	Loading extension 'screenshots@mozilla.org': Reading manifest: Invalid extension permission: about:reader*
1597860314531	Marionette	INFO	Listening on port 57433
1597860314606	Marionette	WARN	TLS certificate errors will be ignored for this session
JavaScript warning: https://podcasts.apple.com/assets/vendor-85bb2f9a13e40ded296a8395c77e9e66.js, line 3109: unreachable code after return statement
1597860319657	Marionette	INFO	Stopped listening on port 56753
1597860321713	Marionette	INFO	Stopped listening on port 57072
1597860325780	Marionette	INFO	Stopped listening on port 57286
1597860352571	mozrunner::runner	INFO	Running command: "/Applications/Firefox.app/Contents/MacOS/firefox-bin" "-marionette" "-foreground" "-no-remote" "-profile" "/var/folders/gp/xy0gj5n574gb5c_pvmhnbs480000gn/T/rust_mozprofileDCJn0r"
1597860353020	addons.webextension.doh-rollout@mozilla.org	WARN	Loading extension 'doh-rollout@mozilla.org': Reading manifest: Invalid extension permission: networkStatus
1597860353045	addons.webextension.screenshots@mozilla.org	WARN	Loading extension 'screenshots@mozilla.org': Reading manifest: Invalid extension permission: mozillaAddons
1597860353045	addons.webextension.screenshots@mozilla.org	WARN	Loading extension 'screenshots@mozilla.org': Reading manifest: Invalid extension permission: telemetry
1597860353046	addons.webextension.screenshots@mozilla.org	WARN	Loading extension 'screenshots@mozilla.org': Reading manifest: Invalid extension permission: resource://pdf.js/
1597860353046	addons.webextension.screenshots@mozilla.org	WARN	Loading extension 'screenshots@mozilla.org': Reading manifest: Invalid extension permission: about:reader*
1597860354555	Marionette	INFO	Listening on port 57727
1597860354622	Marionette	WARN	TLS certificate errors will be ignored for this session
JavaScript warning: https://podcasts.apple.com/assets/vendor-85bb2f9a13e40ded296a8395c77e9e66.js, line 3109: unreachable code after return statement
JavaScript warning: https://podcasts.apple.com/assets/vendor-85bb2f9a13e40ded296a8395c77e9e66.js, line 3109: unreachable code after return statement
JavaScript warning: https://podcasts.apple.com/assets/vendor-85bb2f9a13e40ded296a8395c77e9e66.js, line 3109: unreachable code after return statement
1597860502535	mozrunner::runner	INFO	Running command: "/Applications/Firefox.app/Contents/MacOS/firefox-bin" "-marionette" "-foreground" "-no-remote" "-profile" "/var/folders/gp/xy0gj5n574gb5c_pvmhnbs480000gn/T/rust_mozprofileGx2QkB"
1597860503012	addons.webextension.doh-rollout@mozilla.org	WARN	Loading extension 'doh-rollout@mozilla.org': Reading manifest: Invalid extension permission: networkStatus
1597860503042	addons.webextension.screenshots@mozilla.org	WARN	Loading extension 'screenshots@mozilla.org': Reading manifest: Invalid extension permission: mozillaAddons
1597860503046	addons.webextension.screenshots@mozilla.org	WARN	Loading extension 'screenshots@mozilla.org': Reading manifest: Invalid extension permission: telemetry
1597860503047	addons.webextension.screenshots@mozilla.org	WARN	Loading extension 'screenshots@mozilla.org': Reading manifest: Invalid extension permission: resource://pdf.js/
1597860503047	addons.webextension.screenshots@mozilla.org	WARN	Loading extension 'screenshots@mozilla.org': Reading manifest: Invalid extension permission: about:reader*
1597860504593	Marionette	INFO	Listening on port 58661
1597860504698	Marionette	WARN	TLS certificate errors will be ignored for this session
JavaScript warning: https://podcasts.apple.com/assets/vendor-85bb2f9a13e40ded296a8395c77e9e66.js, line 3109: unreachable code after return statement
1597860509707	mozrunner::runner	INFO	Running command: "/Applications/Firefox.app/Contents/MacOS/firefox-bin" "-marionette" "-foreground" "-no-remote" "-profile" "/var/folders/gp/xy0gj5n574gb5c_pvmhnbs480000gn/T/rust_mozprofileN5AI66"
1597860510212	addons.webextension.doh-rollout@mozilla.org	WARN	Loading extension 'doh-rollout@mozilla.org': Reading manifest: Invalid extension permission: networkStatus
1597860510239	addons.webextension.screenshots@mozilla.org	WARN	Loading extension 'screenshots@mozilla.org': Reading manifest: Invalid extension permission: mozillaAddons
1597860510239	addons.webextension.screenshots@mozilla.org	WARN	Loading extension 'screenshots@mozilla.org': Reading manifest: Invalid extension permission: telemetry
1597860510239	addons.webextension.screenshots@mozilla.org	WARN	Loading extension 'screenshots@mozilla.org': Reading manifest: Invalid extension permission: resource://pdf.js/
1597860510239	addons.webextension.screenshots@mozilla.org	WARN	Loading extension 'screenshots@mozilla.org': Reading manifest: Invalid extension permission: about:reader*
1597860511769	Marionette	INFO	Listening on port 58761
1597860511866	Marionette	WARN	TLS certificate errors will be ignored for this session
JavaScript warning: https://podcasts.apple.com/assets/vendor-85bb2f9a13e40ded296a8395c77e9e66.js, line 3109: unreachable code after return statement
1597860521699	mozrunner::runner	INFO	Running command: "/Applications/Firefox.app/Contents/MacOS/firefox-bin" "-marionette" "-foreground" "-no-remote" "-profile" "/var/folders/gp/xy0gj5n574gb5c_pvmhnbs480000gn/T/rust_mozprofileqpSMNi"
1597860522164	addons.webextension.doh-rollout@mozilla.org	WARN	Loading extension 'doh-rollout@mozilla.org': Reading manifest: Invalid extension permission: networkStatus
1597860522189	addons.webextension.screenshots@mozilla.org	WARN	Loading extension 'screenshots@mozilla.org': Reading manifest: Invalid extension permission: mozillaAddons
1597860522189	addons.webextension.screenshots@mozilla.org	WARN	Loading extension 'screenshots@mozilla.org': Reading manifest: Invalid extension permission: telemetry
1597860522189	addons.webextension.screenshots@mozilla.org	WARN	Loading extension 'screenshots@mozilla.org': Reading manifest: Invalid extension permission: resource://pdf.js/
1597860522189	addons.webextension.screenshots@mozilla.org	WARN	Loading extension 'screenshots@mozilla.org': Reading manifest: Invalid extension permission: about:reader*
1597860523788	Marionette	INFO	Listening on port 58902
1597860523846	Marionette	WARN	TLS certificate errors will be ignored for this session
JavaScript warning: https://podcasts.apple.com/assets/vendor-85bb2f9a13e40ded296a8395c77e9e66.js, line 3109: unreachable code after return statement
1597860538892	Marionette	INFO	Stopped listening on port 57433
1597860542601	Marionette	INFO	Stopped listening on port 57727
1597860544724	Marionette	INFO	Stopped listening on port 58661
1597860546415	Marionette	INFO	Stopped listening on port 58761
1597860550850	Marionette	INFO	Stopped listening on port 58902
1597860596055	mozrunner::runner	INFO	Running command: "/Applications/Firefox.app/Contents/MacOS/firefox-bin" "-marionette" "-foreground" "-no-remote" "-profile" "/var/folders/gp/xy0gj5n574gb5c_pvmhnbs480000gn/T/rust_mozprofile11wkAo"
1597860596553	addons.webextension.doh-rollout@mozilla.org	WARN	Loading extension 'doh-rollout@mozilla.org': Reading manifest: Invalid extension permission: networkStatus
1597860596578	addons.webextension.screenshots@mozilla.org	WARN	Loading extension 'screenshots@mozilla.org': Reading manifest: Invalid extension permission: mozillaAddons
1597860596578	addons.webextension.screenshots@mozilla.org	WARN	Loading extension 'screenshots@mozilla.org': Reading manifest: Invalid extension permission: telemetry
1597860596578	addons.webextension.screenshots@mozilla.org	WARN	Loading extension 'screenshots@mozilla.org': Reading manifest: Invalid extension permission: resource://pdf.js/
1597860596578	addons.webextension.screenshots@mozilla.org	WARN	Loading extension 'screenshots@mozilla.org': Reading manifest: Invalid extension permission: about:reader*
1597860598124	Marionette	INFO	Listening on port 59366
1597860598210	Marionette	WARN	TLS certificate errors will be ignored for this session
JavaScript warning: https://podcasts.apple.com/assets/vendor-85bb2f9a13e40ded296a8395c77e9e66.js, line 3109: unreachable code after return statement
1597860607093	Marionette	INFO	Stopped listening on port 59366
1597860662878	mozrunner::runner	INFO	Running command: "/Applications/Firefox.app/Contents/MacOS/firefox-bin" "-marionette" "-foreground" "-no-remote" "-profile" "/var/folders/gp/xy0gj5n574gb5c_pvmhnbs480000gn/T/rust_mozprofileFQb6z7"
1597860663398	addons.webextension.doh-rollout@mozilla.org	WARN	Loading extension 'doh-rollout@mozilla.org': Reading manifest: Invalid extension permission: networkStatus
1597860663430	addons.webextension.screenshots@mozilla.org	WARN	Loading extension 'screenshots@mozilla.org': Reading manifest: Invalid extension permission: mozillaAddons
1597860663430	addons.webextension.screenshots@mozilla.org	WARN	Loading extension 'screenshots@mozilla.org': Reading manifest: Invalid extension permission: telemetry
1597860663430	addons.webextension.screenshots@mozilla.org	WARN	Loading extension 'screenshots@mozilla.org': Reading manifest: Invalid extension permission: resource://pdf.js/
1597860663430	addons.webextension.screenshots@mozilla.org	WARN	Loading extension 'screenshots@mozilla.org': Reading manifest: Invalid extension permission: about:reader*
1597860664996	Marionette	INFO	Listening on port 59799
1597860665030	Marionette	WARN	TLS certificate errors will be ignored for this session
JavaScript warning: https://podcasts.apple.com/assets/vendor-85bb2f9a13e40ded296a8395c77e9e66.js, line 3109: unreachable code after return statement
1597860684858	Marionette	INFO	Stopped listening on port 59799
1597860684958	mozrunner::runner	INFO	Running command: "/Applications/Firefox.app/Contents/MacOS/firefox-bin" "-marionette" "-foreground" "-no-remote" "-profile" "/var/folders/gp/xy0gj5n574gb5c_pvmhnbs480000gn/T/rust_mozprofileKiKhaq"
1597860685427	addons.webextension.doh-rollout@mozilla.org	WARN	Loading extension 'doh-rollout@mozilla.org': Reading manifest: Invalid extension permission: networkStatus
1597860685452	addons.webextension.screenshots@mozilla.org	WARN	Loading extension 'screenshots@mozilla.org': Reading manifest: Invalid extension permission: mozillaAddons
1597860685452	addons.webextension.screenshots@mozilla.org	WARN	Loading extension 'screenshots@mozilla.org': Reading manifest: Invalid extension permission: telemetry
1597860685452	addons.webextension.screenshots@mozilla.org	WARN	Loading extension 'screenshots@mozilla.org': Reading manifest: Invalid extension permission: resource://pdf.js/
1597860685452	addons.webextension.screenshots@mozilla.org	WARN	Loading extension 'screenshots@mozilla.org': Reading manifest: Invalid extension permission: about:reader*
1597860686965	Marionette	INFO	Listening on port 59988
1597860687012	Marionette	WARN	TLS certificate errors will be ignored for this session
JavaScript warning: https://podcasts.apple.com/assets/vendor-85bb2f9a13e40ded296a8395c77e9e66.js, line 3109: unreachable code after return statement
1597860696895	mozrunner::runner	INFO	Running command: "/Applications/Firefox.app/Contents/MacOS/firefox-bin" "-marionette" "-foreground" "-no-remote" "-profile" "/var/folders/gp/xy0gj5n574gb5c_pvmhnbs480000gn/T/rust_mozprofileb5FIHm"
1597860697335	addons.webextension.doh-rollout@mozilla.org	WARN	Loading extension 'doh-rollout@mozilla.org': Reading manifest: Invalid extension permission: networkStatus
1597860697364	addons.webextension.screenshots@mozilla.org	WARN	Loading extension 'screenshots@mozilla.org': Reading manifest: Invalid extension permission: mozillaAddons
1597860697364	addons.webextension.screenshots@mozilla.org	WARN	Loading extension 'screenshots@mozilla.org': Reading manifest: Invalid extension permission: telemetry
1597860697364	addons.webextension.screenshots@mozilla.org	WARN	Loading extension 'screenshots@mozilla.org': Reading manifest: Invalid extension permission: resource://pdf.js/
1597860697364	addons.webextension.screenshots@mozilla.org	WARN	Loading extension 'screenshots@mozilla.org': Reading manifest: Invalid extension permission: about:reader*
1597860698929	Marionette	INFO	Listening on port 60121
1597860698949	Marionette	WARN	TLS certificate errors will be ignored for this session
JavaScript warning: https://podcasts.apple.com/assets/vendor-85bb2f9a13e40ded296a8395c77e9e66.js, line 3109: unreachable code after return statement
1597860702017	Marionette	INFO	Stopped listening on port 59988
1597860714349	Marionette	INFO	Stopped listening on port 60121
1597860715103	mozrunner::runner	INFO	Running command: "/Applications/Firefox.app/Contents/MacOS/firefox-bin" "-marionette" "-foreground" "-no-remote" "-profile" "/var/folders/gp/xy0gj5n574gb5c_pvmhnbs480000gn/T/rust_mozprofilemKONab"
1597860715537	addons.webextension.doh-rollout@mozilla.org	WARN	Loading extension 'doh-rollout@mozilla.org': Reading manifest: Invalid extension permission: networkStatus
1597860715569	addons.webextension.screenshots@mozilla.org	WARN	Loading extension 'screenshots@mozilla.org': Reading manifest: Invalid extension permission: mozillaAddons
1597860715571	addons.webextension.screenshots@mozilla.org	WARN	Loading extension 'screenshots@mozilla.org': Reading manifest: Invalid extension permission: telemetry
1597860715585	addons.webextension.screenshots@mozilla.org	WARN	Loading extension 'screenshots@mozilla.org': Reading manifest: Invalid extension permission: resource://pdf.js/
1597860715585	addons.webextension.screenshots@mozilla.org	WARN	Loading extension 'screenshots@mozilla.org': Reading manifest: Invalid extension permission: about:reader*
1597860717096	Marionette	INFO	Listening on port 60301
1597860717153	Marionette	WARN	TLS certificate errors will be ignored for this session
JavaScript warning: https://podcasts.apple.com/assets/vendor-85bb2f9a13e40ded296a8395c77e9e66.js, line 3109: unreachable code after return statement
1597860746101	Marionette	INFO	Stopped listening on port 60301
1597860793224	mozrunner::runner	INFO	Running command: "/Applications/Firefox.app/Contents/MacOS/firefox-bin" "-marionette" "-foreground" "-no-remote" "-profile" "/var/folders/gp/xy0gj5n574gb5c_pvmhnbs480000gn/T/rust_mozprofileZIbvlb"
1597860793784	addons.webextension.doh-rollout@mozilla.org	WARN	Loading extension 'doh-rollout@mozilla.org': Reading manifest: Invalid extension permission: networkStatus
1597860793809	addons.webextension.screenshots@mozilla.org	WARN	Loading extension 'screenshots@mozilla.org': Reading manifest: Invalid extension permission: mozillaAddons
1597860793809	addons.webextension.screenshots@mozilla.org	WARN	Loading extension 'screenshots@mozilla.org': Reading manifest: Invalid extension permission: telemetry
1597860793810	addons.webextension.screenshots@mozilla.org	WARN	Loading extension 'screenshots@mozilla.org': Reading manifest: Invalid extension permission: resource://pdf.js/
1597860793810	addons.webextension.screenshots@mozilla.org	WARN	Loading extension 'screenshots@mozilla.org': Reading manifest: Invalid extension permission: about:reader*
1597860795304	Marionette	INFO	Listening on port 60828
1597860795365	Marionette	WARN	TLS certificate errors will be ignored for this session
JavaScript warning: https://podcasts.apple.com/assets/vendor-85bb2f9a13e40ded296a8395c77e9e66.js, line 3109: unreachable code after return statement
1597860802976	Marionette	INFO	Stopped listening on port 60828
1597860839301	mozrunner::runner	INFO	Running command: "/Applications/Firefox.app/Contents/MacOS/firefox-bin" "-marionette" "-foreground" "-no-remote" "-profile" "/var/folders/gp/xy0gj5n574gb5c_pvmhnbs480000gn/T/rust_mozprofileghNxRL"
1597860839744	addons.webextension.doh-rollout@mozilla.org	WARN	Loading extension 'doh-rollout@mozilla.org': Reading manifest: Invalid extension permission: networkStatus
1597860839769	addons.webextension.screenshots@mozilla.org	WARN	Loading extension 'screenshots@mozilla.org': Reading manifest: Invalid extension permission: mozillaAddons
1597860839769	addons.webextension.screenshots@mozilla.org	WARN	Loading extension 'screenshots@mozilla.org': Reading manifest: Invalid extension permission: telemetry
1597860839769	addons.webextension.screenshots@mozilla.org	WARN	Loading extension 'screenshots@mozilla.org': Reading manifest: Invalid extension permission: resource://pdf.js/
1597860839770	addons.webextension.screenshots@mozilla.org	WARN	Loading extension 'screenshots@mozilla.org': Reading manifest: Invalid extension permission: about:reader*
1597860841301	Marionette	INFO	Listening on port 61150
1597860841366	Marionette	WARN	TLS certificate errors will be ignored for this session
JavaScript warning: https://podcasts.apple.com/assets/vendor-85bb2f9a13e40ded296a8395c77e9e66.js, line 3109: unreachable code after return statement
1597860846981	Marionette	INFO	Stopped listening on port 61150
1597860954177	mozrunner::runner	INFO	Running command: "/Applications/Firefox.app/Contents/MacOS/firefox-bin" "-marionette" "-foreground" "-no-remote" "-profile" "/var/folders/gp/xy0gj5n574gb5c_pvmhnbs480000gn/T/rust_mozprofile4kmLVa"
1597860954630	addons.webextension.doh-rollout@mozilla.org	WARN	Loading extension 'doh-rollout@mozilla.org': Reading manifest: Invalid extension permission: networkStatus
1597860954658	addons.webextension.screenshots@mozilla.org	WARN	Loading extension 'screenshots@mozilla.org': Reading manifest: Invalid extension permission: mozillaAddons
1597860954658	addons.webextension.screenshots@mozilla.org	WARN	Loading extension 'screenshots@mozilla.org': Reading manifest: Invalid extension permission: telemetry
1597860954658	addons.webextension.screenshots@mozilla.org	WARN	Loading extension 'screenshots@mozilla.org': Reading manifest: Invalid extension permission: resource://pdf.js/
1597860954658	addons.webextension.screenshots@mozilla.org	WARN	Loading extension 'screenshots@mozilla.org': Reading manifest: Invalid extension permission: about:reader*
1597860956262	Marionette	INFO	Listening on port 61832
1597860956323	Marionette	WARN	TLS certificate errors will be ignored for this session
JavaScript warning: https://podcasts.apple.com/assets/vendor-85bb2f9a13e40ded296a8395c77e9e66.js, line 3109: unreachable code after return statement
1597860994532	mozrunner::runner	INFO	Running command: "/Applications/Firefox.app/Contents/MacOS/firefox-bin" "-marionette" "-foreground" "-no-remote" "-profile" "/var/folders/gp/xy0gj5n574gb5c_pvmhnbs480000gn/T/rust_mozprofileYCbQBS"
1597860994988	addons.webextension.doh-rollout@mozilla.org	WARN	Loading extension 'doh-rollout@mozilla.org': Reading manifest: Invalid extension permission: networkStatus
1597860995013	addons.webextension.screenshots@mozilla.org	WARN	Loading extension 'screenshots@mozilla.org': Reading manifest: Invalid extension permission: mozillaAddons
1597860995013	addons.webextension.screenshots@mozilla.org	WARN	Loading extension 'screenshots@mozilla.org': Reading manifest: Invalid extension permission: telemetry
1597860995013	addons.webextension.screenshots@mozilla.org	WARN	Loading extension 'screenshots@mozilla.org': Reading manifest: Invalid extension permission: resource://pdf.js/
1597860995013	addons.webextension.screenshots@mozilla.org	WARN	Loading extension 'screenshots@mozilla.org': Reading manifest: Invalid extension permission: about:reader*
1597860996554	Marionette	INFO	Listening on port 62142
1597860996585	Marionette	WARN	TLS certificate errors will be ignored for this session
JavaScript warning: https://podcasts.apple.com/assets/vendor-85bb2f9a13e40ded296a8395c77e9e66.js, line 3109: unreachable code after return statement
1597861000794	Marionette	INFO	Stopped listening on port 61832
1597861010008	mozrunner::runner	INFO	Running command: "/Applications/Firefox.app/Contents/MacOS/firefox-bin" "-marionette" "-foreground" "-no-remote" "-profile" "/var/folders/gp/xy0gj5n574gb5c_pvmhnbs480000gn/T/rust_mozprofileVAmA1J"
1597861010436	addons.webextension.doh-rollout@mozilla.org	WARN	Loading extension 'doh-rollout@mozilla.org': Reading manifest: Invalid extension permission: networkStatus
1597861010462	addons.webextension.screenshots@mozilla.org	WARN	Loading extension 'screenshots@mozilla.org': Reading manifest: Invalid extension permission: mozillaAddons
1597861010462	addons.webextension.screenshots@mozilla.org	WARN	Loading extension 'screenshots@mozilla.org': Reading manifest: Invalid extension permission: telemetry
1597861010463	addons.webextension.screenshots@mozilla.org	WARN	Loading extension 'screenshots@mozilla.org': Reading manifest: Invalid extension permission: resource://pdf.js/
1597861010463	addons.webextension.screenshots@mozilla.org	WARN	Loading extension 'screenshots@mozilla.org': Reading manifest: Invalid extension permission: about:reader*
1597861011090	Marionette	INFO	Stopped listening on port 62142
1597861012187	Marionette	INFO	Listening on port 62297
1597861012262	Marionette	WARN	TLS certificate errors will be ignored for this session
JavaScript warning: https://podcasts.apple.com/assets/vendor-85bb2f9a13e40ded296a8395c77e9e66.js, line 3109: unreachable code after return statement
1597861096951	mozrunner::runner	INFO	Running command: "/Applications/Firefox.app/Contents/MacOS/firefox-bin" "-marionette" "-foreground" "-no-remote" "-profile" "/var/folders/gp/xy0gj5n574gb5c_pvmhnbs480000gn/T/rust_mozprofile3iTQ4N"
1597861104055	addons.webextension.doh-rollout@mozilla.org	WARN	Loading extension 'doh-rollout@mozilla.org': Reading manifest: Invalid extension permission: networkStatus
1597861104082	addons.webextension.screenshots@mozilla.org	WARN	Loading extension 'screenshots@mozilla.org': Reading manifest: Invalid extension permission: mozillaAddons
1597861104082	addons.webextension.screenshots@mozilla.org	WARN	Loading extension 'screenshots@mozilla.org': Reading manifest: Invalid extension permission: telemetry
1597861104082	addons.webextension.screenshots@mozilla.org	WARN	Loading extension 'screenshots@mozilla.org': Reading manifest: Invalid extension permission: resource://pdf.js/
1597861104082	addons.webextension.screenshots@mozilla.org	WARN	Loading extension 'screenshots@mozilla.org': Reading manifest: Invalid extension permission: about:reader*
1597861106011	Marionette	INFO	Listening on port 62828
1597861106029	Marionette	WARN	TLS certificate errors will be ignored for this session
1597861113191	Marionette	INFO	Stopped listening on port 62297
1597861119540	Marionette	INFO	Stopped listening on port 62828
1597861126952	mozrunner::runner	INFO	Running command: "/Applications/Firefox.app/Contents/MacOS/firefox-bin" "-marionette" "-foreground" "-no-remote" "-profile" "/var/folders/gp/xy0gj5n574gb5c_pvmhnbs480000gn/T/rust_mozprofiley0nJ4z"
1597861127391	addons.webextension.doh-rollout@mozilla.org	WARN	Loading extension 'doh-rollout@mozilla.org': Reading manifest: Invalid extension permission: networkStatus
1597861127416	addons.webextension.screenshots@mozilla.org	WARN	Loading extension 'screenshots@mozilla.org': Reading manifest: Invalid extension permission: mozillaAddons
1597861127416	addons.webextension.screenshots@mozilla.org	WARN	Loading extension 'screenshots@mozilla.org': Reading manifest: Invalid extension permission: telemetry
1597861127416	addons.webextension.screenshots@mozilla.org	WARN	Loading extension 'screenshots@mozilla.org': Reading manifest: Invalid extension permission: resource://pdf.js/
1597861127416	addons.webextension.screenshots@mozilla.org	WARN	Loading extension 'screenshots@mozilla.org': Reading manifest: Invalid extension permission: about:reader*
1597861128941	Marionette	INFO	Listening on port 63120
1597861128999	Marionette	WARN	TLS certificate errors will be ignored for this session
[GFX1-]: Receive IPC close with reason=AbnormalShutdown
Exiting due to channel error.
[GFX1-]: Receive IPC close with reason=AbnormalShutdown
[GFX1-]: Receive IPC close with reason=AbnormalShutdown
Exiting due to channel error.
Exiting due to channel error.
1597861206214	mozrunner::runner	INFO	Running command: "/Applications/Firefox.app/Contents/MacOS/firefox-bin" "-marionette" "-foreground" "-no-remote" "-profile" "/var/folders/gp/xy0gj5n574gb5c_pvmhnbs480000gn/T/rust_mozprofileWGkJB5"
1597861206721	addons.webextension.doh-rollout@mozilla.org	WARN	Loading extension 'doh-rollout@mozilla.org': Reading manifest: Invalid extension permission: networkStatus
1597861206747	addons.webextension.screenshots@mozilla.org	WARN	Loading extension 'screenshots@mozilla.org': Reading manifest: Invalid extension permission: mozillaAddons
1597861206747	addons.webextension.screenshots@mozilla.org	WARN	Loading extension 'screenshots@mozilla.org': Reading manifest: Invalid extension permission: telemetry
1597861206748	addons.webextension.screenshots@mozilla.org	WARN	Loading extension 'screenshots@mozilla.org': Reading manifest: Invalid extension permission: resource://pdf.js/
1597861206748	addons.webextension.screenshots@mozilla.org	WARN	Loading extension 'screenshots@mozilla.org': Reading manifest: Invalid extension permission: about:reader*
1597861208258	Marionette	INFO	Listening on port 63614
1597861208362	Marionette	WARN	TLS certificate errors will be ignored for this session
Marionette threw an error: TypeError: this.curBrowser.contentBrowser is null
GeckoDriver.prototype.get@chrome://marionette/content/driver.js:1136:3

1597861261868	Marionette	INFO	Stopped listening on port 63614
1597861265583	mozrunner::runner	INFO	Running command: "/Applications/Firefox.app/Contents/MacOS/firefox-bin" "-marionette" "-foreground" "-no-remote" "-profile" "/var/folders/gp/xy0gj5n574gb5c_pvmhnbs480000gn/T/rust_mozprofile88ADCs"
1597861266030	addons.webextension.doh-rollout@mozilla.org	WARN	Loading extension 'doh-rollout@mozilla.org': Reading manifest: Invalid extension permission: networkStatus
1597861266054	addons.webextension.screenshots@mozilla.org	WARN	Loading extension 'screenshots@mozilla.org': Reading manifest: Invalid extension permission: mozillaAddons
1597861266054	addons.webextension.screenshots@mozilla.org	WARN	Loading extension 'screenshots@mozilla.org': Reading manifest: Invalid extension permission: telemetry
1597861266055	addons.webextension.screenshots@mozilla.org	WARN	Loading extension 'screenshots@mozilla.org': Reading manifest: Invalid extension permission: resource://pdf.js/
1597861266055	addons.webextension.screenshots@mozilla.org	WARN	Loading extension 'screenshots@mozilla.org': Reading manifest: Invalid extension permission: about:reader*
1597861267549	Marionette	INFO	Listening on port 63961
1597861267635	Marionette	WARN	TLS certificate errors will be ignored for this session
[GFX1-]: Receive IPC close with reason=AbnormalShutdown
Exiting due to channel error.
[GFX1-]: Receive IPC close with reason=AbnormalShutdown
[GFX1-]: Receive IPC close with reason=AbnormalShutdown
Exiting due to channel error.
Exiting due to channel error.
1597861409807	mozrunner::runner	INFO	Running command: "/Applications/Firefox.app/Contents/MacOS/firefox-bin" "-marionette" "-foreground" "-no-remote" "-profile" "/var/folders/gp/xy0gj5n574gb5c_pvmhnbs480000gn/T/rust_mozprofileM4eb46"
1597861410283	addons.webextension.doh-rollout@mozilla.org	WARN	Loading extension 'doh-rollout@mozilla.org': Reading manifest: Invalid extension permission: networkStatus
1597861410308	addons.webextension.screenshots@mozilla.org	WARN	Loading extension 'screenshots@mozilla.org': Reading manifest: Invalid extension permission: mozillaAddons
1597861410308	addons.webextension.screenshots@mozilla.org	WARN	Loading extension 'screenshots@mozilla.org': Reading manifest: Invalid extension permission: telemetry
1597861410308	addons.webextension.screenshots@mozilla.org	WARN	Loading extension 'screenshots@mozilla.org': Reading manifest: Invalid extension permission: resource://pdf.js/
1597861410308	addons.webextension.screenshots@mozilla.org	WARN	Loading extension 'screenshots@mozilla.org': Reading manifest: Invalid extension permission: about:reader*
1597861411867	Marionette	INFO	Listening on port 64762
1597861411962	Marionette	WARN	TLS certificate errors will be ignored for this session
JavaScript warning: https://podcasts.apple.com/assets/vendor-85bb2f9a13e40ded296a8395c77e9e66.js, line 3109: unreachable code after return statement
1597861459213	Marionette	INFO	Stopped listening on port 64762
1597861460248	mozrunner::runner	INFO	Running command: "/Applications/Firefox.app/Contents/MacOS/firefox-bin" "-marionette" "-foreground" "-no-remote" "-profile" "/var/folders/gp/xy0gj5n574gb5c_pvmhnbs480000gn/T/rust_mozprofile70YHV5"
1597861460774	addons.webextension.doh-rollout@mozilla.org	WARN	Loading extension 'doh-rollout@mozilla.org': Reading manifest: Invalid extension permission: networkStatus
1597861460799	addons.webextension.screenshots@mozilla.org	WARN	Loading extension 'screenshots@mozilla.org': Reading manifest: Invalid extension permission: mozillaAddons
1597861460799	addons.webextension.screenshots@mozilla.org	WARN	Loading extension 'screenshots@mozilla.org': Reading manifest: Invalid extension permission: telemetry
1597861460799	addons.webextension.screenshots@mozilla.org	WARN	Loading extension 'screenshots@mozilla.org': Reading manifest: Invalid extension permission: resource://pdf.js/
1597861460800	addons.webextension.screenshots@mozilla.org	WARN	Loading extension 'screenshots@mozilla.org': Reading manifest: Invalid extension permission: about:reader*
1597861462348	Marionette	INFO	Listening on port 65124
1597861462397	Marionette	WARN	TLS certificate errors will be ignored for this session
1597861949541	mozrunner::runner	INFO	Running command: "/Applications/Firefox.app/Contents/MacOS/firefox-bin" "-marionette" "-foreground" "-no-remote" "-profile" "/var/folders/gp/xy0gj5n574gb5c_pvmhnbs480000gn/T/rust_mozprofileU1fSZp"
1597861950093	addons.webextension.doh-rollout@mozilla.org	WARN	Loading extension 'doh-rollout@mozilla.org': Reading manifest: Invalid extension permission: networkStatus
1597861950120	addons.webextension.screenshots@mozilla.org	WARN	Loading extension 'screenshots@mozilla.org': Reading manifest: Invalid extension permission: mozillaAddons
1597861950120	addons.webextension.screenshots@mozilla.org	WARN	Loading extension 'screenshots@mozilla.org': Reading manifest: Invalid extension permission: telemetry
1597861950120	addons.webextension.screenshots@mozilla.org	WARN	Loading extension 'screenshots@mozilla.org': Reading manifest: Invalid extension permission: resource://pdf.js/
1597861950120	addons.webextension.screenshots@mozilla.org	WARN	Loading extension 'screenshots@mozilla.org': Reading manifest: Invalid extension permission: about:reader*
1597861951570	Marionette	INFO	Stopped listening on port 65124
1597861951824	Marionette	INFO	Listening on port 51343
1597861951911	Marionette	WARN	TLS certificate errors will be ignored for this session
JavaScript warning: https://podcasts.apple.com/assets/vendor-85bb2f9a13e40ded296a8395c77e9e66.js, line 3109: unreachable code after return statement
1597861994440	mozrunner::runner	INFO	Running command: "/Applications/Firefox.app/Contents/MacOS/firefox-bin" "-marionette" "-foreground" "-no-remote" "-profile" "/var/folders/gp/xy0gj5n574gb5c_pvmhnbs480000gn/T/rust_mozprofilefU10Bb"
1597861994925	addons.webextension.doh-rollout@mozilla.org	WARN	Loading extension 'doh-rollout@mozilla.org': Reading manifest: Invalid extension permission: networkStatus
1597861994955	addons.webextension.screenshots@mozilla.org	WARN	Loading extension 'screenshots@mozilla.org': Reading manifest: Invalid extension permission: mozillaAddons
1597861994955	addons.webextension.screenshots@mozilla.org	WARN	Loading extension 'screenshots@mozilla.org': Reading manifest: Invalid extension permission: telemetry
1597861994955	addons.webextension.screenshots@mozilla.org	WARN	Loading extension 'screenshots@mozilla.org': Reading manifest: Invalid extension permission: resource://pdf.js/
1597861994955	addons.webextension.screenshots@mozilla.org	WARN	Loading extension 'screenshots@mozilla.org': Reading manifest: Invalid extension permission: about:reader*
1597861996533	Marionette	INFO	Listening on port 51654
1597861996591	Marionette	WARN	TLS certificate errors will be ignored for this session
1597861996982	Marionette	INFO	Stopped listening on port 51343
JavaScript warning: https://podcasts.apple.com/assets/vendor-85bb2f9a13e40ded296a8395c77e9e66.js, line 3109: unreachable code after return statement
1597862031428	mozrunner::runner	INFO	Running command: "/Applications/Firefox.app/Contents/MacOS/firefox-bin" "-marionette" "-foreground" "-no-remote" "-profile" "/var/folders/gp/xy0gj5n574gb5c_pvmhnbs480000gn/T/rust_mozprofile5QoXIh"
1597862031906	addons.webextension.doh-rollout@mozilla.org	WARN	Loading extension 'doh-rollout@mozilla.org': Reading manifest: Invalid extension permission: networkStatus
1597862031932	addons.webextension.screenshots@mozilla.org	WARN	Loading extension 'screenshots@mozilla.org': Reading manifest: Invalid extension permission: mozillaAddons
1597862031932	addons.webextension.screenshots@mozilla.org	WARN	Loading extension 'screenshots@mozilla.org': Reading manifest: Invalid extension permission: telemetry
1597862031932	addons.webextension.screenshots@mozilla.org	WARN	Loading extension 'screenshots@mozilla.org': Reading manifest: Invalid extension permission: resource://pdf.js/
1597862031932	addons.webextension.screenshots@mozilla.org	WARN	Loading extension 'screenshots@mozilla.org': Reading manifest: Invalid extension permission: about:reader*
1597862033552	Marionette	INFO	Listening on port 51922
1597862033591	Marionette	WARN	TLS certificate errors will be ignored for this session
JavaScript warning: https://podcasts.apple.com/assets/vendor-85bb2f9a13e40ded296a8395c77e9e66.js, line 3109: unreachable code after return statement
1597862042651	mozrunner::runner	INFO	Running command: "/Applications/Firefox.app/Contents/MacOS/firefox-bin" "-marionette" "-foreground" "-no-remote" "-profile" "/var/folders/gp/xy0gj5n574gb5c_pvmhnbs480000gn/T/rust_mozprofileaDHgH8"
1597862043219	addons.webextension.doh-rollout@mozilla.org	WARN	Loading extension 'doh-rollout@mozilla.org': Reading manifest: Invalid extension permission: networkStatus
1597862043246	addons.webextension.screenshots@mozilla.org	WARN	Loading extension 'screenshots@mozilla.org': Reading manifest: Invalid extension permission: mozillaAddons
1597862043246	addons.webextension.screenshots@mozilla.org	WARN	Loading extension 'screenshots@mozilla.org': Reading manifest: Invalid extension permission: telemetry
1597862043246	addons.webextension.screenshots@mozilla.org	WARN	Loading extension 'screenshots@mozilla.org': Reading manifest: Invalid extension permission: resource://pdf.js/
1597862043246	addons.webextension.screenshots@mozilla.org	WARN	Loading extension 'screenshots@mozilla.org': Reading manifest: Invalid extension permission: about:reader*
1597862044780	Marionette	INFO	Listening on port 52057
1597862044819	Marionette	WARN	TLS certificate errors will be ignored for this session
JavaScript warning: https://podcasts.apple.com/assets/vendor-85bb2f9a13e40ded296a8395c77e9e66.js, line 3109: unreachable code after return statement
1597862054355	Marionette	INFO	Stopped listening on port 51654
1597862058544	Marionette	INFO	Stopped listening on port 51922
1597862178992	mozrunner::runner	INFO	Running command: "/Applications/Firefox.app/Contents/MacOS/firefox-bin" "-marionette" "-foreground" "-no-remote" "-profile" "/var/folders/gp/xy0gj5n574gb5c_pvmhnbs480000gn/T/rust_mozprofile90MIiM"
1597862179414	addons.webextension.doh-rollout@mozilla.org	WARN	Loading extension 'doh-rollout@mozilla.org': Reading manifest: Invalid extension permission: networkStatus
1597862179440	addons.webextension.screenshots@mozilla.org	WARN	Loading extension 'screenshots@mozilla.org': Reading manifest: Invalid extension permission: mozillaAddons
1597862179440	addons.webextension.screenshots@mozilla.org	WARN	Loading extension 'screenshots@mozilla.org': Reading manifest: Invalid extension permission: telemetry
1597862179440	addons.webextension.screenshots@mozilla.org	WARN	Loading extension 'screenshots@mozilla.org': Reading manifest: Invalid extension permission: resource://pdf.js/
1597862179440	addons.webextension.screenshots@mozilla.org	WARN	Loading extension 'screenshots@mozilla.org': Reading manifest: Invalid extension permission: about:reader*
1597862180949	Marionette	INFO	Listening on port 52875
1597862181047	Marionette	WARN	TLS certificate errors will be ignored for this session
[GFX1-]: Receive IPC close with reason=AbnormalShutdown
Exiting due to channel error.
[GFX1-]: Receive IPC close with reason=AbnormalShutdown
[GFX1-]: Receive IPC close with reason=AbnormalShutdown
Exiting due to channel error.
Exiting due to channel error.
1597862288510	mozrunner::runner	INFO	Running command: "/Applications/Firefox.app/Contents/MacOS/firefox-bin" "-marionette" "-foreground" "-no-remote" "-profile" "/var/folders/gp/xy0gj5n574gb5c_pvmhnbs480000gn/T/rust_mozprofilexQKUmX"
1597862288986	addons.webextension.doh-rollout@mozilla.org	WARN	Loading extension 'doh-rollout@mozilla.org': Reading manifest: Invalid extension permission: networkStatus
1597862289017	addons.webextension.screenshots@mozilla.org	WARN	Loading extension 'screenshots@mozilla.org': Reading manifest: Invalid extension permission: mozillaAddons
1597862289017	addons.webextension.screenshots@mozilla.org	WARN	Loading extension 'screenshots@mozilla.org': Reading manifest: Invalid extension permission: telemetry
1597862289018	addons.webextension.screenshots@mozilla.org	WARN	Loading extension 'screenshots@mozilla.org': Reading manifest: Invalid extension permission: resource://pdf.js/
1597862289018	addons.webextension.screenshots@mozilla.org	WARN	Loading extension 'screenshots@mozilla.org': Reading manifest: Invalid extension permission: about:reader*
1597862290566	Marionette	INFO	Listening on port 53522
1597862290659	Marionette	WARN	TLS certificate errors will be ignored for this session
1597862291082	Marionette	INFO	Stopped listening on port 52057
JavaScript warning: https://podcasts.apple.com/assets/vendor-85bb2f9a13e40ded296a8395c77e9e66.js, line 3109: unreachable code after return statement
1597862371916	mozrunner::runner	INFO	Running command: "/Applications/Firefox.app/Contents/MacOS/firefox-bin" "-marionette" "-foreground" "-no-remote" "-profile" "/var/folders/gp/xy0gj5n574gb5c_pvmhnbs480000gn/T/rust_mozprofile7OrfCr"
1597862372361	addons.webextension.doh-rollout@mozilla.org	WARN	Loading extension 'doh-rollout@mozilla.org': Reading manifest: Invalid extension permission: networkStatus
1597862372389	addons.webextension.screenshots@mozilla.org	WARN	Loading extension 'screenshots@mozilla.org': Reading manifest: Invalid extension permission: mozillaAddons
1597862372389	addons.webextension.screenshots@mozilla.org	WARN	Loading extension 'screenshots@mozilla.org': Reading manifest: Invalid extension permission: telemetry
1597862372389	addons.webextension.screenshots@mozilla.org	WARN	Loading extension 'screenshots@mozilla.org': Reading manifest: Invalid extension permission: resource://pdf.js/
1597862372389	addons.webextension.screenshots@mozilla.org	WARN	Loading extension 'screenshots@mozilla.org': Reading manifest: Invalid extension permission: about:reader*
1597862373917	Marionette	INFO	Listening on port 54059
1597862373962	Marionette	WARN	TLS certificate errors will be ignored for this session
JavaScript warning: https://podcasts.apple.com/assets/vendor-85bb2f9a13e40ded296a8395c77e9e66.js, line 3109: unreachable code after return statement

###!!! [Child][RunMessage] Error: Channel closing: too late to send/recv, messages will be lost


###!!! [Child][RunMessage] Error: Channel closing: too late to send/recv, messages will be lost

1597862399320	Marionette	INFO	Stopped listening on port 53522
1597862430148	mozrunner::runner	INFO	Running command: "/Applications/Firefox.app/Contents/MacOS/firefox-bin" "-marionette" "-foreground" "-no-remote" "-profile" "/var/folders/gp/xy0gj5n574gb5c_pvmhnbs480000gn/T/rust_mozprofilepdJSuQ"
1597862430596	addons.webextension.doh-rollout@mozilla.org	WARN	Loading extension 'doh-rollout@mozilla.org': Reading manifest: Invalid extension permission: networkStatus
1597862430624	addons.webextension.screenshots@mozilla.org	WARN	Loading extension 'screenshots@mozilla.org': Reading manifest: Invalid extension permission: mozillaAddons
1597862430624	addons.webextension.screenshots@mozilla.org	WARN	Loading extension 'screenshots@mozilla.org': Reading manifest: Invalid extension permission: telemetry
1597862430624	addons.webextension.screenshots@mozilla.org	WARN	Loading extension 'screenshots@mozilla.org': Reading manifest: Invalid extension permission: resource://pdf.js/
1597862430624	addons.webextension.screenshots@mozilla.org	WARN	Loading extension 'screenshots@mozilla.org': Reading manifest: Invalid extension permission: about:reader*
1597862432163	Marionette	INFO	Listening on port 54449
1597862432198	Marionette	WARN	TLS certificate errors will be ignored for this session
JavaScript warning: https://podcasts.apple.com/assets/vendor-85bb2f9a13e40ded296a8395c77e9e66.js, line 3109: unreachable code after return statement
1597862507905	mozrunner::runner	INFO	Running command: "/Applications/Firefox.app/Contents/MacOS/firefox-bin" "-marionette" "-foreground" "-no-remote" "-profile" "/var/folders/gp/xy0gj5n574gb5c_pvmhnbs480000gn/T/rust_mozprofileD4rKft"
1597862508346	addons.webextension.doh-rollout@mozilla.org	WARN	Loading extension 'doh-rollout@mozilla.org': Reading manifest: Invalid extension permission: networkStatus
1597862508372	addons.webextension.screenshots@mozilla.org	WARN	Loading extension 'screenshots@mozilla.org': Reading manifest: Invalid extension permission: mozillaAddons
1597862508373	addons.webextension.screenshots@mozilla.org	WARN	Loading extension 'screenshots@mozilla.org': Reading manifest: Invalid extension permission: telemetry
1597862508373	addons.webextension.screenshots@mozilla.org	WARN	Loading extension 'screenshots@mozilla.org': Reading manifest: Invalid extension permission: resource://pdf.js/
1597862508373	addons.webextension.screenshots@mozilla.org	WARN	Loading extension 'screenshots@mozilla.org': Reading manifest: Invalid extension permission: about:reader*
1597862509873	Marionette	INFO	Listening on port 54953
1597862509965	Marionette	WARN	TLS certificate errors will be ignored for this session
1597862620842	Marionette	INFO	Stopped listening on port 54059
1597862622674	Marionette	INFO	Stopped listening on port 54449
1597862624690	Marionette	INFO	Stopped listening on port 54953
1597862628710	mozrunner::runner	INFO	Running command: "/Applications/Firefox.app/Contents/MacOS/firefox-bin" "-marionette" "-foreground" "-no-remote" "-profile" "/var/folders/gp/xy0gj5n574gb5c_pvmhnbs480000gn/T/rust_mozprofileXpkntm"
1597862629193	addons.webextension.doh-rollout@mozilla.org	WARN	Loading extension 'doh-rollout@mozilla.org': Reading manifest: Invalid extension permission: networkStatus
1597862629217	addons.webextension.screenshots@mozilla.org	WARN	Loading extension 'screenshots@mozilla.org': Reading manifest: Invalid extension permission: mozillaAddons
1597862629217	addons.webextension.screenshots@mozilla.org	WARN	Loading extension 'screenshots@mozilla.org': Reading manifest: Invalid extension permission: telemetry
1597862629217	addons.webextension.screenshots@mozilla.org	WARN	Loading extension 'screenshots@mozilla.org': Reading manifest: Invalid extension permission: resource://pdf.js/
1597862629217	addons.webextension.screenshots@mozilla.org	WARN	Loading extension 'screenshots@mozilla.org': Reading manifest: Invalid extension permission: about:reader*
1597862630673	Marionette	INFO	Listening on port 55634
1597862630751	Marionette	WARN	TLS certificate errors will be ignored for this session
JavaScript warning: https://podcasts.apple.com/assets/vendor-85bb2f9a13e40ded296a8395c77e9e66.js, line 3109: unreachable code after return statement
1597862707398	mozrunner::runner	INFO	Running command: "/Applications/Firefox.app/Contents/MacOS/firefox-bin" "-marionette" "-foreground" "-no-remote" "-profile" "/var/folders/gp/xy0gj5n574gb5c_pvmhnbs480000gn/T/rust_mozprofileFwVy5i"
1597862707833	addons.webextension.doh-rollout@mozilla.org	WARN	Loading extension 'doh-rollout@mozilla.org': Reading manifest: Invalid extension permission: networkStatus
1597862707858	addons.webextension.screenshots@mozilla.org	WARN	Loading extension 'screenshots@mozilla.org': Reading manifest: Invalid extension permission: mozillaAddons
1597862707858	addons.webextension.screenshots@mozilla.org	WARN	Loading extension 'screenshots@mozilla.org': Reading manifest: Invalid extension permission: telemetry
1597862707858	addons.webextension.screenshots@mozilla.org	WARN	Loading extension 'screenshots@mozilla.org': Reading manifest: Invalid extension permission: resource://pdf.js/
1597862707858	addons.webextension.screenshots@mozilla.org	WARN	Loading extension 'screenshots@mozilla.org': Reading manifest: Invalid extension permission: about:reader*
1597862709388	Marionette	INFO	Listening on port 56120
1597862709444	Marionette	WARN	TLS certificate errors will be ignored for this session
JavaScript warning: https://podcasts.apple.com/assets/vendor-85bb2f9a13e40ded296a8395c77e9e66.js, line 3109: unreachable code after return statement
JavaScript warning: https://podcasts.apple.com/assets/vendor-85bb2f9a13e40ded296a8395c77e9e66.js, line 3109: unreachable code after return statement
1597862769526	mozrunner::runner	INFO	Running command: "/Applications/Firefox.app/Contents/MacOS/firefox-bin" "-marionette" "-foreground" "-no-remote" "-profile" "/var/folders/gp/xy0gj5n574gb5c_pvmhnbs480000gn/T/rust_mozprofileh17gvD"
1597862770041	addons.webextension.doh-rollout@mozilla.org	WARN	Loading extension 'doh-rollout@mozilla.org': Reading manifest: Invalid extension permission: networkStatus
1597862770077	addons.webextension.screenshots@mozilla.org	WARN	Loading extension 'screenshots@mozilla.org': Reading manifest: Invalid extension permission: mozillaAddons
1597862770077	addons.webextension.screenshots@mozilla.org	WARN	Loading extension 'screenshots@mozilla.org': Reading manifest: Invalid extension permission: telemetry
1597862770078	addons.webextension.screenshots@mozilla.org	WARN	Loading extension 'screenshots@mozilla.org': Reading manifest: Invalid extension permission: resource://pdf.js/
1597862770078	addons.webextension.screenshots@mozilla.org	WARN	Loading extension 'screenshots@mozilla.org': Reading manifest: Invalid extension permission: about:reader*
1597862771656	Marionette	INFO	Listening on port 56529
1597862771687	Marionette	WARN	TLS certificate errors will be ignored for this session
console.error: (new TypeError("container.node.targetFront is null", "resource://devtools/client/inspector/markup/markup.js", 2252))
console.error: (new TypeError("container.node.targetFront is null", "resource://devtools/client/inspector/markup/markup.js", 2252))
console.error: (new TypeError("container.node.targetFront is null", "resource://devtools/client/inspector/markup/markup.js", 2252))
JavaScript error: resource://devtools/shared/fronts/node.js, line 404: TypeError: this.parentFront is null
JavaScript error: resource://devtools/shared/fronts/node.js, line 404: TypeError: this.parentFront is null
JavaScript error: resource://devtools/shared/fronts/node.js, line 404: TypeError: this.parentFront is null
JavaScript warning: https://podcasts.apple.com/assets/vendor-85bb2f9a13e40ded296a8395c77e9e66.js, line 3109: unreachable code after return statement
JavaScript warning: https://podcasts.apple.com/assets/vendor-85bb2f9a13e40ded296a8395c77e9e66.js, line 3109: unreachable code after return statement
JavaScript warning: https://podcasts.apple.com/assets/vendor-85bb2f9a13e40ded296a8395c77e9e66.js, line 3109: unreachable code after return statement
1597862951250	mozrunner::runner	INFO	Running command: "/Applications/Firefox.app/Contents/MacOS/firefox-bin" "-marionette" "-foreground" "-no-remote" "-profile" "/var/folders/gp/xy0gj5n574gb5c_pvmhnbs480000gn/T/rust_mozprofileeP2GJK"
1597862951706	addons.webextension.doh-rollout@mozilla.org	WARN	Loading extension 'doh-rollout@mozilla.org': Reading manifest: Invalid extension permission: networkStatus
1597862951733	addons.webextension.screenshots@mozilla.org	WARN	Loading extension 'screenshots@mozilla.org': Reading manifest: Invalid extension permission: mozillaAddons
1597862951733	addons.webextension.screenshots@mozilla.org	WARN	Loading extension 'screenshots@mozilla.org': Reading manifest: Invalid extension permission: telemetry
1597862951734	addons.webextension.screenshots@mozilla.org	WARN	Loading extension 'screenshots@mozilla.org': Reading manifest: Invalid extension permission: resource://pdf.js/
1597862951734	addons.webextension.screenshots@mozilla.org	WARN	Loading extension 'screenshots@mozilla.org': Reading manifest: Invalid extension permission: about:reader*
1597862953303	Marionette	INFO	Listening on port 57575
1597862953316	Marionette	WARN	TLS certificate errors will be ignored for this session
1597862954378	Marionette	INFO	Stopped listening on port 55634
1597862957317	Marionette	INFO	Stopped listening on port 56120
JavaScript warning: https://podcasts.apple.com/assets/vendor-85bb2f9a13e40ded296a8395c77e9e66.js, line 3109: unreachable code after return statement
1597862959453	Marionette	INFO	Stopped listening on port 56529
1597862977929	mozrunner::runner	INFO	Running command: "/Applications/Firefox.app/Contents/MacOS/firefox-bin" "-marionette" "-foreground" "-no-remote" "-profile" "/var/folders/gp/xy0gj5n574gb5c_pvmhnbs480000gn/T/rust_mozprofileHwIkto"
1597862978354	addons.webextension.doh-rollout@mozilla.org	WARN	Loading extension 'doh-rollout@mozilla.org': Reading manifest: Invalid extension permission: networkStatus
1597862978381	addons.webextension.screenshots@mozilla.org	WARN	Loading extension 'screenshots@mozilla.org': Reading manifest: Invalid extension permission: mozillaAddons
1597862978382	addons.webextension.screenshots@mozilla.org	WARN	Loading extension 'screenshots@mozilla.org': Reading manifest: Invalid extension permission: telemetry
1597862978382	addons.webextension.screenshots@mozilla.org	WARN	Loading extension 'screenshots@mozilla.org': Reading manifest: Invalid extension permission: resource://pdf.js/
1597862978382	addons.webextension.screenshots@mozilla.org	WARN	Loading extension 'screenshots@mozilla.org': Reading manifest: Invalid extension permission: about:reader*
1597862979906	Marionette	INFO	Listening on port 57785
1597862979992	Marionette	WARN	TLS certificate errors will be ignored for this session
JavaScript warning: https://podcasts.apple.com/assets/vendor-85bb2f9a13e40ded296a8395c77e9e66.js, line 3109: unreachable code after return statement
1597862987134	Marionette	INFO	Stopped listening on port 57575
JavaScript error: chrome://browser/content/browser.xhtml, line 1: TypeError: gContextMenu is null
JavaScript warning: https://podcasts.apple.com/assets/vendor-85bb2f9a13e40ded296a8395c77e9e66.js, line 3109: unreachable code after return statement
console.error: (new TypeError("container.node.targetFront is null", "resource://devtools/client/inspector/markup/markup.js", 2252))
console.error: (new TypeError("container.node.targetFront is null", "resource://devtools/client/inspector/markup/markup.js", 2252))
1597863049861	mozrunner::runner	INFO	Running command: "/Applications/Firefox.app/Contents/MacOS/firefox-bin" "-marionette" "-foreground" "-no-remote" "-profile" "/var/folders/gp/xy0gj5n574gb5c_pvmhnbs480000gn/T/rust_mozprofilel53pwe"
1597863050288	addons.webextension.doh-rollout@mozilla.org	WARN	Loading extension 'doh-rollout@mozilla.org': Reading manifest: Invalid extension permission: networkStatus
1597863050316	addons.webextension.screenshots@mozilla.org	WARN	Loading extension 'screenshots@mozilla.org': Reading manifest: Invalid extension permission: mozillaAddons
1597863050316	addons.webextension.screenshots@mozilla.org	WARN	Loading extension 'screenshots@mozilla.org': Reading manifest: Invalid extension permission: telemetry
1597863050316	addons.webextension.screenshots@mozilla.org	WARN	Loading extension 'screenshots@mozilla.org': Reading manifest: Invalid extension permission: resource://pdf.js/
1597863050316	addons.webextension.screenshots@mozilla.org	WARN	Loading extension 'screenshots@mozilla.org': Reading manifest: Invalid extension permission: about:reader*
1597863051901	Marionette	INFO	Listening on port 58258
1597863051931	Marionette	WARN	TLS certificate errors will be ignored for this session
1597863053246	Marionette	INFO	Stopped listening on port 57785
JavaScript warning: https://podcasts.apple.com/assets/vendor-85bb2f9a13e40ded296a8395c77e9e66.js, line 3109: unreachable code after return statement
1597863089572	mozrunner::runner	INFO	Running command: "/Applications/Firefox.app/Contents/MacOS/firefox-bin" "-marionette" "-foreground" "-no-remote" "-profile" "/var/folders/gp/xy0gj5n574gb5c_pvmhnbs480000gn/T/rust_mozprofilesBgngT"
1597863089995	addons.webextension.doh-rollout@mozilla.org	WARN	Loading extension 'doh-rollout@mozilla.org': Reading manifest: Invalid extension permission: networkStatus
1597863090020	addons.webextension.screenshots@mozilla.org	WARN	Loading extension 'screenshots@mozilla.org': Reading manifest: Invalid extension permission: mozillaAddons
1597863090020	addons.webextension.screenshots@mozilla.org	WARN	Loading extension 'screenshots@mozilla.org': Reading manifest: Invalid extension permission: telemetry
1597863090020	addons.webextension.screenshots@mozilla.org	WARN	Loading extension 'screenshots@mozilla.org': Reading manifest: Invalid extension permission: resource://pdf.js/
1597863090020	addons.webextension.screenshots@mozilla.org	WARN	Loading extension 'screenshots@mozilla.org': Reading manifest: Invalid extension permission: about:reader*
1597863091527	Marionette	INFO	Listening on port 58543
1597863091635	Marionette	WARN	TLS certificate errors will be ignored for this session
JavaScript warning: https://podcasts.apple.com/assets/vendor-85bb2f9a13e40ded296a8395c77e9e66.js, line 3109: unreachable code after return statement
1597863107072	mozrunner::runner	INFO	Running command: "/Applications/Firefox.app/Contents/MacOS/firefox-bin" "-marionette" "-foreground" "-no-remote" "-profile" "/var/folders/gp/xy0gj5n574gb5c_pvmhnbs480000gn/T/rust_mozprofileD7wT5q"
1597863107504	addons.webextension.doh-rollout@mozilla.org	WARN	Loading extension 'doh-rollout@mozilla.org': Reading manifest: Invalid extension permission: networkStatus
1597863107528	addons.webextension.screenshots@mozilla.org	WARN	Loading extension 'screenshots@mozilla.org': Reading manifest: Invalid extension permission: mozillaAddons
1597863107528	addons.webextension.screenshots@mozilla.org	WARN	Loading extension 'screenshots@mozilla.org': Reading manifest: Invalid extension permission: telemetry
1597863107529	addons.webextension.screenshots@mozilla.org	WARN	Loading extension 'screenshots@mozilla.org': Reading manifest: Invalid extension permission: resource://pdf.js/
1597863107529	addons.webextension.screenshots@mozilla.org	WARN	Loading extension 'screenshots@mozilla.org': Reading manifest: Invalid extension permission: about:reader*
1597863109016	Marionette	INFO	Listening on port 58713
1597863109029	Marionette	WARN	TLS certificate errors will be ignored for this session
JavaScript warning: https://podcasts.apple.com/assets/vendor-85bb2f9a13e40ded296a8395c77e9e66.js, line 3109: unreachable code after return statement
1597863118427	Marionette	INFO	Stopped listening on port 58258
JavaScript warning: https://podcasts.apple.com/assets/vendor-85bb2f9a13e40ded296a8395c77e9e66.js, line 3109: unreachable code after return statement
1597863197603	mozrunner::runner	INFO	Running command: "/Applications/Firefox.app/Contents/MacOS/firefox-bin" "-marionette" "-foreground" "-no-remote" "-profile" "/var/folders/gp/xy0gj5n574gb5c_pvmhnbs480000gn/T/rust_mozprofileG2QAfq"
1597863198057	addons.webextension.doh-rollout@mozilla.org	WARN	Loading extension 'doh-rollout@mozilla.org': Reading manifest: Invalid extension permission: networkStatus
1597863198083	addons.webextension.screenshots@mozilla.org	WARN	Loading extension 'screenshots@mozilla.org': Reading manifest: Invalid extension permission: mozillaAddons
1597863198083	addons.webextension.screenshots@mozilla.org	WARN	Loading extension 'screenshots@mozilla.org': Reading manifest: Invalid extension permission: telemetry
1597863198083	addons.webextension.screenshots@mozilla.org	WARN	Loading extension 'screenshots@mozilla.org': Reading manifest: Invalid extension permission: resource://pdf.js/
1597863198083	addons.webextension.screenshots@mozilla.org	WARN	Loading extension 'screenshots@mozilla.org': Reading manifest: Invalid extension permission: about:reader*
1597863199612	Marionette	INFO	Listening on port 59300
1597863199685	Marionette	WARN	TLS certificate errors will be ignored for this session
JavaScript warning: https://podcasts.apple.com/assets/vendor-85bb2f9a13e40ded296a8395c77e9e66.js, line 3109: unreachable code after return statement
1597863214636	mozrunner::runner	INFO	Running command: "/Applications/Firefox.app/Contents/MacOS/firefox-bin" "-marionette" "-foreground" "-no-remote" "-profile" "/var/folders/gp/xy0gj5n574gb5c_pvmhnbs480000gn/T/rust_mozprofileBeu6eE"
1597863215065	addons.webextension.doh-rollout@mozilla.org	WARN	Loading extension 'doh-rollout@mozilla.org': Reading manifest: Invalid extension permission: networkStatus
1597863215090	addons.webextension.screenshots@mozilla.org	WARN	Loading extension 'screenshots@mozilla.org': Reading manifest: Invalid extension permission: mozillaAddons
1597863215090	addons.webextension.screenshots@mozilla.org	WARN	Loading extension 'screenshots@mozilla.org': Reading manifest: Invalid extension permission: telemetry
1597863215090	addons.webextension.screenshots@mozilla.org	WARN	Loading extension 'screenshots@mozilla.org': Reading manifest: Invalid extension permission: resource://pdf.js/
1597863215090	addons.webextension.screenshots@mozilla.org	WARN	Loading extension 'screenshots@mozilla.org': Reading manifest: Invalid extension permission: about:reader*
1597863216601	Marionette	INFO	Listening on port 59466
1597863216677	Marionette	WARN	TLS certificate errors will be ignored for this session
JavaScript warning: https://podcasts.apple.com/assets/vendor-85bb2f9a13e40ded296a8395c77e9e66.js, line 3109: unreachable code after return statement
1597863279365	mozrunner::runner	INFO	Running command: "/Applications/Firefox.app/Contents/MacOS/firefox-bin" "-marionette" "-foreground" "-no-remote" "-profile" "/var/folders/gp/xy0gj5n574gb5c_pvmhnbs480000gn/T/rust_mozprofileNerS9K"
1597863279834	addons.webextension.doh-rollout@mozilla.org	WARN	Loading extension 'doh-rollout@mozilla.org': Reading manifest: Invalid extension permission: networkStatus
1597863279862	addons.webextension.screenshots@mozilla.org	WARN	Loading extension 'screenshots@mozilla.org': Reading manifest: Invalid extension permission: mozillaAddons
1597863279862	addons.webextension.screenshots@mozilla.org	WARN	Loading extension 'screenshots@mozilla.org': Reading manifest: Invalid extension permission: telemetry
1597863279862	addons.webextension.screenshots@mozilla.org	WARN	Loading extension 'screenshots@mozilla.org': Reading manifest: Invalid extension permission: resource://pdf.js/
1597863279862	addons.webextension.screenshots@mozilla.org	WARN	Loading extension 'screenshots@mozilla.org': Reading manifest: Invalid extension permission: about:reader*
1597863281383	Marionette	INFO	Listening on port 59900
1597863281410	Marionette	WARN	TLS certificate errors will be ignored for this session
JavaScript warning: https://podcasts.apple.com/assets/vendor-85bb2f9a13e40ded296a8395c77e9e66.js, line 3109: unreachable code after return statement
1597863313829	mozrunner::runner	INFO	Running command: "/Applications/Firefox.app/Contents/MacOS/firefox-bin" "-marionette" "-foreground" "-no-remote" "-profile" "/var/folders/gp/xy0gj5n574gb5c_pvmhnbs480000gn/T/rust_mozprofileldRZQb"
1597863314299	addons.webextension.doh-rollout@mozilla.org	WARN	Loading extension 'doh-rollout@mozilla.org': Reading manifest: Invalid extension permission: networkStatus
1597863314324	addons.webextension.screenshots@mozilla.org	WARN	Loading extension 'screenshots@mozilla.org': Reading manifest: Invalid extension permission: mozillaAddons
1597863314324	addons.webextension.screenshots@mozilla.org	WARN	Loading extension 'screenshots@mozilla.org': Reading manifest: Invalid extension permission: telemetry
1597863314324	addons.webextension.screenshots@mozilla.org	WARN	Loading extension 'screenshots@mozilla.org': Reading manifest: Invalid extension permission: resource://pdf.js/
1597863314324	addons.webextension.screenshots@mozilla.org	WARN	Loading extension 'screenshots@mozilla.org': Reading manifest: Invalid extension permission: about:reader*
1597863315927	Marionette	INFO	Listening on port 60152
1597863315991	Marionette	WARN	TLS certificate errors will be ignored for this session
JavaScript warning: https://podcasts.apple.com/assets/vendor-85bb2f9a13e40ded296a8395c77e9e66.js, line 3109: unreachable code after return statement
JavaScript warning: https://podcasts.apple.com/assets/vendor-85bb2f9a13e40ded296a8395c77e9e66.js, line 3109: unreachable code after return statement
1597863467395	mozrunner::runner	INFO	Running command: "/Applications/Firefox.app/Contents/MacOS/firefox-bin" "-marionette" "-foreground" "-no-remote" "-profile" "/var/folders/gp/xy0gj5n574gb5c_pvmhnbs480000gn/T/rust_mozprofileJcbkw1"
1597863467866	addons.webextension.doh-rollout@mozilla.org	WARN	Loading extension 'doh-rollout@mozilla.org': Reading manifest: Invalid extension permission: networkStatus
1597863467890	addons.webextension.screenshots@mozilla.org	WARN	Loading extension 'screenshots@mozilla.org': Reading manifest: Invalid extension permission: mozillaAddons
1597863467891	addons.webextension.screenshots@mozilla.org	WARN	Loading extension 'screenshots@mozilla.org': Reading manifest: Invalid extension permission: telemetry
1597863467891	addons.webextension.screenshots@mozilla.org	WARN	Loading extension 'screenshots@mozilla.org': Reading manifest: Invalid extension permission: resource://pdf.js/
1597863467891	addons.webextension.screenshots@mozilla.org	WARN	Loading extension 'screenshots@mozilla.org': Reading manifest: Invalid extension permission: about:reader*
1597863469413	Marionette	INFO	Listening on port 61076
1597863469461	Marionette	WARN	TLS certificate errors will be ignored for this session
JavaScript warning: https://podcasts.apple.com/assets/vendor-85bb2f9a13e40ded296a8395c77e9e66.js, line 3109: unreachable code after return statement
